Log file open, 05/19/20 20:35:10
LogWindows: Failed to load 'aqProf.dll' (GetLastError=126)
LogWindows: File 'aqProf.dll' does not exist
LogWindows: Failed to load 'VtuneApi.dll' (GetLastError=126)
LogWindows: File 'VtuneApi.dll' does not exist
LogWindows: Failed to load 'VtuneApi32e.dll' (GetLastError=126)
LogWindows: File 'VtuneApi32e.dll' does not exist
LogConsoleResponse: Display: Failed to find resolution value strings in scalability ini. Falling back to default.
LogInit: Display: Running engine for game: MyProject
LogPlatformFile: Not using cached read wrapper
LogTaskGraph: Started task graph with 5 named threads and 11 total threads with 3 sets of task threads.
LogStats: Stats thread started at 0.117180
LogD3D11RHI: Loaded GFSDK_Aftermath_Lib.x64.dll
LogICUInternationalization: ICU TimeZone Detection - Raw Offset: +2:00, Platform Override: ''
LogPluginManager: Mounting plugin Paper2D
LogPluginManager: Mounting plugin AISupport
LogPluginManager: Mounting plugin LightPropagationVolume
LogPluginManager: Mounting plugin ActorLayerUtilities
LogPluginManager: Mounting plugin AnimationSharing
LogPluginManager: Mounting plugin CLionSourceCodeAccess
LogPluginManager: Mounting plugin CodeLiteSourceCodeAccess
LogPluginManager: Mounting plugin GitSourceControl
LogPluginManager: Mounting plugin KDevelopSourceCodeAccess
LogPluginManager: Mounting plugin NullSourceCodeAccess
LogPluginManager: Mounting plugin PerforceSourceControl
LogPluginManager: Mounting plugin SubversionSourceControl
LogPluginManager: Mounting plugin UObjectPlugin
LogPluginManager: Mounting plugin VisualStudioCodeSourceCodeAccess
LogPluginManager: Mounting plugin VisualStudioSourceCodeAccess
LogPluginManager: Mounting plugin XCodeSourceCodeAccess
LogPluginManager: Mounting plugin AssetManagerEditor
LogPluginManager: Mounting plugin CryptoKeys
LogPluginManager: Mounting plugin CurveEditorTools
LogPluginManager: Mounting plugin DataValidation
LogPluginManager: Mounting plugin FacialAnimation
LogPluginManager: Mounting plugin GameplayTagsEditor
LogPluginManager: Mounting plugin MacGraphicsSwitching
LogPluginManager: Mounting plugin MaterialAnalyzer
LogPluginManager: Mounting plugin MobileLauncherProfileWizard
LogPluginManager: Mounting plugin PluginBrowser
LogPluginManager: Mounting plugin SpeedTreeImporter
LogPluginManager: Mounting plugin DatasmithContent
LogPluginManager: Mounting plugin VariantManagerContent
LogPluginManager: Mounting plugin AlembicImporter
LogPluginManager: Mounting plugin AutomationUtils
LogPluginManager: Mounting plugin BackChannel
LogPluginManager: Mounting plugin CharacterAI
LogPluginManager: Mounting plugin GeometryCache
LogPluginManager: Mounting plugin HTML5Networking
LogPluginManager: Mounting plugin PlatformCrypto
LogPluginManager: Mounting plugin ProxyLODPlugin
LogPluginManager: Mounting plugin SkeletalReduction
LogPluginManager: Mounting plugin MagicLeap
LogPluginManager: Mounting plugin MagicLeapMedia
LogPluginManager: Mounting plugin AndroidMedia
LogPluginManager: Mounting plugin AvfMedia
LogPluginManager: Mounting plugin ImgMedia
LogPluginManager: Mounting plugin MediaCompositing
LogPluginManager: Mounting plugin MediaPlayerEditor
LogPluginManager: Mounting plugin WebMMedia
LogPluginManager: Mounting plugin WmfMedia
LogPluginManager: Mounting plugin TcpMessaging
LogPluginManager: Mounting plugin UdpMessaging
LogPluginManager: Mounting plugin ActorSequence
LogPluginManager: Mounting plugin LevelSequenceEditor
LogPluginManager: Mounting plugin MatineeToLevelSequence
LogPluginManager: Mounting plugin NetcodeUnitTest
LogPluginManager: Mounting plugin NUTUnrealEngine4
LogPluginManager: Mounting plugin OnlineSubsystemGooglePlay
LogPluginManager: Mounting plugin OnlineSubsystemIOS
LogPluginManager: Mounting plugin OnlineSubsystem
LogPluginManager: Mounting plugin OnlineSubsystemNull
LogPluginManager: Mounting plugin OnlineSubsystemUtils
LogPluginManager: Mounting plugin LauncherChunkInstaller
LogPluginManager: Mounting plugin AndroidDeviceProfileSelector
LogPluginManager: Mounting plugin AndroidMoviePlayer
LogPluginManager: Mounting plugin AndroidPermission
LogPluginManager: Mounting plugin AppleImageUtils
LogPluginManager: Mounting plugin AppleMoviePlayer
LogPluginManager: Mounting plugin ArchVisCharacter
LogPluginManager: Mounting plugin AudioCapture
LogPluginManager: Mounting plugin CableComponent
LogPluginManager: Mounting plugin CustomMeshComponent
LogPluginManager: Mounting plugin EditableMesh
LogPluginManager: Mounting plugin ExampleDeviceProfileSelector
LogPluginManager: Mounting plugin GoogleCloudMessaging
LogPluginManager: Mounting plugin IOSDeviceProfileSelector
LogPluginManager: Mounting plugin LinuxDeviceProfileSelector
LogPluginManager: Mounting plugin LocationServicesBPLibrary
LogPluginManager: Mounting plugin MobilePatchingUtils
LogPluginManager: Mounting plugin OculusVR
LogPluginManager: Mounting plugin PhysXVehicles
LogPluginManager: Mounting plugin ProceduralMeshComponent
LogPluginManager: Mounting plugin RuntimePhysXCooking
LogPluginManager: Mounting plugin SignificanceManager
LogPluginManager: Mounting plugin SteamVR
LogPluginManager: Mounting plugin WebMMoviePlayer
LogPluginManager: Mounting plugin WindowsMoviePlayer
LogPluginManager: Mounting plugin ScreenshotTools
LogInit: Using libcurl 7.55.1-DEV
LogInit:  - built for x86_64-pc-win32
LogInit:  - supports SSL with OpenSSL/1.1.1
LogInit:  - supports HTTP deflate (compression) using libz 1.2.8
LogInit:  - other features:
LogInit:      CURL_VERSION_SSL
LogInit:      CURL_VERSION_LIBZ
LogInit:      CURL_VERSION_IPV6
LogInit:      CURL_VERSION_ASYNCHDNS
LogInit:      CURL_VERSION_LARGEFILE
LogInit:      CURL_VERSION_IDN
LogInit:  CurlRequestOptions (configurable via config and command line):
LogInit:  - bVerifyPeer = true  - Libcurl will verify peer certificate
LogInit:  - bUseHttpProxy = false  - Libcurl will NOT use HTTP proxy
LogInit:  - bDontReuseConnections = false  - Libcurl will reuse connections
LogInit:  - MaxHostConnections = 16  - Libcurl will limit the number of connections to a host
LogInit:  - LocalHostAddr = Default
LogInit:  - BufferSize = 65536
LogOnline: OSS: Creating online subsystem instance for: NULL
LogInit: WinSock: version 1.1 (2.2), MaxSocks=32767, MaxUdp=65467
LogInit: Build: ++UE4+Release-4.23-CL-9631420
LogInit: Engine Version: 4.23.1-9631420+++UE4+Release-4.23
LogInit: Compatible Engine Version: 4.23.0-8386587+++UE4+Release-4.23
LogInit: Net CL: 8386587
LogInit: OS: Windows 10 (Release 1809) (), CPU: Intel(R) Core(TM) i3-7130U CPU @ 2.70GHz, GPU: Intel(R) HD Graphics 620
LogInit: Compiled (64-bit): Oct 18 2019 02:07:44
LogInit: Compiled with Visual C++: 19.16.27030.01
LogInit: Build Configuration: Development
LogInit: Branch Name: ++UE4+Release-4.23
LogInit: Command Line: 
LogInit: Base Directory: D:/MyProgramms/UE4/UE_4.23/Engine/Binaries/Win64/
LogInit: Installed Engine Build: 1
LogDevObjectVersion: Number of dev versions registered: 23
LogDevObjectVersion:   Dev-Blueprints (B0D832E4-1F89-4F0D-ACCF-7EB736FD4AA2): 10
LogDevObjectVersion:   Dev-Build (E1C64328-A22C-4D53-A36C-8E866417BD8C): 0
LogDevObjectVersion:   Dev-Core (375EC13C-06E4-48FB-B500-84F0262A717E): 3
LogDevObjectVersion:   Dev-Editor (E4B068ED-F494-42E9-A231-DA0B2E46BB41): 34
LogDevObjectVersion:   Dev-Framework (CFFC743F-43B0-4480-9391-14DF171D2073): 35
LogDevObjectVersion:   Dev-Mobile (B02B49B5-BB20-44E9-A304-32B752E40360): 2
LogDevObjectVersion:   Dev-Networking (A4E4105C-59A1-49B5-A7C5-40C4547EDFEE): 0
LogDevObjectVersion:   Dev-Online (39C831C9-5AE6-47DC-9A44-9C173E1C8E7C): 0
LogDevObjectVersion:   Dev-Physics (78F01B33-EBEA-4F98-B9B4-84EACCB95AA2): 0
LogDevObjectVersion:   Dev-Platform (6631380F-2D4D-43E0-8009-CF276956A95A): 0
LogDevObjectVersion:   Dev-Rendering (12F88B9F-8875-4AFC-A67C-D90C383ABD29): 31
LogDevObjectVersion:   Dev-Sequencer (7B5AE74C-D270-4C10-A958-57980B212A5A): 11
LogDevObjectVersion:   Dev-VR (D7296918-1DD6-4BDD-9DE2-64A83CC13884): 2
LogDevObjectVersion:   Dev-LoadTimes (C2A15278-BFE7-4AFE-6C17-90FF531DF755): 1
LogDevObjectVersion:   Private-Geometry (6EACA3D4-40EC-4CC1-B786-8BED09428FC5): 3
LogDevObjectVersion:   Dev-AnimPhys (29E575DD-E0A3-4627-9D10-D276232CDCEA): 17
LogDevObjectVersion:   Dev-Anim (AF43A65D-7FD3-4947-9873-3E8ED9C1BB05): 2
LogDevObjectVersion:   Dev-ReflectionCapture (6B266CEC-1EC7-4B8F-A30B-E4D90942FC07): 1
LogDevObjectVersion:   Dev-Automation (0DF73D61-A23F-47EA-B727-89E90C41499A): 1
LogDevObjectVersion:   FortniteMain (601D1886-AC64-4F84-AA16-D3DE0DEAC7D6): 27
LogDevObjectVersion:   Dev-Enterprise (9DFFBCD6-494F-0158-E221-12823C92A888): 6
LogDevObjectVersion:   Dev-Niagara (F2AED0AC-9AFE-416F-8664-AA7FFA26D6FC): 1
LogDevObjectVersion:   Dev-Destruction (174F1F0B-B4C6-45A5-B13F-2EE8D0FB917D): 9
LogInit: Presizing for max 16777216 objects, including 0 objects not considered by GC, pre-allocating 0 bytes for permanent pool.
LogInit: Object subsystem initialized
LogConfig: Setting CVar [[con.DebugEarlyDefault:1]]
LogConfig: Setting CVar [[r.setres:1280x720]]
[2020.05.19-17.35.13:265][  0]LogConfig: Setting CVar [[r.VSync:0]]
[2020.05.19-17.35.13:266][  0]LogConfig: Setting CVar [[r.RHICmdBypass:0]]
[2020.05.19-17.35.13:266][  0]LogConfig: Applying CVar settings from Section [/Script/Engine.RendererSettings] File [D:/MyProgramms/UE4/MyProject/MyProject/Saved/Config/Windows/Engine.ini]
[2020.05.19-17.35.13:266][  0]LogConfig: Setting CVar [[r.GPUCrashDebugging:0]]
[2020.05.19-17.35.13:266][  0]LogConfig: Setting CVar [[r.MobileHDR:1]]
[2020.05.19-17.35.13:266][  0]LogConfig: Setting CVar [[r.Mobile.DisableVertexFog:1]]
[2020.05.19-17.35.13:266][  0]LogConfig: Setting CVar [[r.Shadow.CSM.MaxMobileCascades:2]]
[2020.05.19-17.35.13:266][  0]LogConfig: Setting CVar [[r.MobileMSAA:1]]
[2020.05.19-17.35.13:266][  0]LogConfig: Setting CVar [[r.Mobile.UseLegacyShadingModel:0]]
[2020.05.19-17.35.13:266][  0]LogConfig: Setting CVar [[r.Mobile.UseHWsRGBEncoding:0]]
[2020.05.19-17.35.13:266][  0]LogConfig: Setting CVar [[r.Mobile.AllowDitheredLODTransition:0]]
[2020.05.19-17.35.13:266][  0]LogConfig: Setting CVar [[r.Mobile.AllowSoftwareOcclusion:0]]
[2020.05.19-17.35.13:266][  0]LogConfig: Setting CVar [[r.DiscardUnusedQuality:0]]
[2020.05.19-17.35.13:266][  0]LogConfig: Setting CVar [[r.AllowOcclusionQueries:1]]
[2020.05.19-17.35.13:266][  0]LogConfig: Setting CVar [[r.MinScreenRadiusForLights:0.030000]]
[2020.05.19-17.35.13:266][  0]LogConfig: Setting CVar [[r.MinScreenRadiusForDepthPrepass:0.030000]]
[2020.05.19-17.35.13:266][  0]LogConfig: Setting CVar [[r.MinScreenRadiusForCSMDepth:0.010000]]
[2020.05.19-17.35.13:266][  0]LogConfig: Setting CVar [[r.PrecomputedVisibilityWarning:0]]
[2020.05.19-17.35.13:266][  0]LogConfig: Setting CVar [[r.TextureStreaming:1]]
[2020.05.19-17.35.13:266][  0]LogConfig: Setting CVar [[Compat.UseDXT5NormalMaps:0]]
[2020.05.19-17.35.13:266][  0]LogConfig: Setting CVar [[r.VirtualTextures:0]]
[2020.05.19-17.35.13:266][  0]LogConfig: Setting CVar [[r.VirtualTexturedLightmaps:0]]
[2020.05.19-17.35.13:266][  0]LogConfig: Setting CVar [[r.VT.TileSize:128]]
[2020.05.19-17.35.13:266][  0]LogConfig: Setting CVar [[r.VT.TileBorderSize:4]]
[2020.05.19-17.35.13:266][  0]LogConfig: Setting CVar [[r.vt.FeedbackFactor:16]]
[2020.05.19-17.35.13:266][  0]LogConfig: Setting CVar [[r.VT.EnableCompressZlib:1]]
[2020.05.19-17.35.13:266][  0]LogConfig: Setting CVar [[r.VT.EnableCompressCrunch:0]]
[2020.05.19-17.35.13:266][  0]LogConfig: Setting CVar [[r.ClearCoatNormal:0]]
[2020.05.19-17.35.13:266][  0]LogConfig: Setting CVar [[r.ReflectionCaptureResolution:128]]
[2020.05.19-17.35.13:266][  0]LogConfig: Setting CVar [[r.ReflectionEnvironmentLightmapMixBasedOnRoughness:1]]
[2020.05.19-17.35.13:266][  0]LogConfig: Setting CVar [[r.ForwardShading:0]]
[2020.05.19-17.35.13:266][  0]LogConfig: Setting CVar [[r.VertexFoggingForOpaque:1]]
[2020.05.19-17.35.13:266][  0]LogConfig: Setting CVar [[r.AllowStaticLighting:1]]
[2020.05.19-17.35.13:266][  0]LogConfig: Setting CVar [[r.NormalMapsForStaticLighting:0]]
[2020.05.19-17.35.13:266][  0]LogConfig: Setting CVar [[r.GenerateMeshDistanceFields:0]]
[2020.05.19-17.35.13:266][  0]LogConfig: Setting CVar [[r.DistanceFieldBuild.EightBit:0]]
[2020.05.19-17.35.13:266][  0]LogConfig: Setting CVar [[r.GenerateLandscapeGIData:0]]
[2020.05.19-17.35.13:266][  0]LogConfig: Setting CVar [[r.DistanceFieldBuild.Compress:0]]
[2020.05.19-17.35.13:266][  0]LogConfig: Setting CVar [[r.TessellationAdaptivePixelsPerTriangle:48.000000]]
[2020.05.19-17.35.13:266][  0]LogConfig: Setting CVar [[r.SeparateTranslucency:1]]
[2020.05.19-17.35.13:266][  0]LogConfig: Setting CVar [[r.TranslucentSortPolicy:0]]
[2020.05.19-17.35.13:266][  0]LogConfig: Setting CVar [[r.CustomDepth:1]]
[2020.05.19-17.35.13:266][  0]LogConfig: Setting CVar [[r.CustomDepthTemporalAAJitter:1]]
[2020.05.19-17.35.13:266][  0]LogConfig: Setting CVar [[r.PostProcessing.PropagateAlpha:0]]
[2020.05.19-17.35.13:266][  0]LogConfig: Setting CVar [[r.DefaultFeature.Bloom:1]]
[2020.05.19-17.35.13:266][  0]LogConfig: Setting CVar [[r.DefaultFeature.AmbientOcclusion:1]]
[2020.05.19-17.35.13:266][  0]LogConfig: Setting CVar [[r.DefaultFeature.AmbientOcclusionStaticFraction:1]]
[2020.05.19-17.35.13:266][  0]LogConfig: Setting CVar [[r.DefaultFeature.AutoExposure:0]]
[2020.05.19-17.35.13:266][  0]LogConfig: Setting CVar [[r.DefaultFeature.AutoExposure.Method:0]]
[2020.05.19-17.35.13:266][  0]LogConfig: Setting CVar [[r.DefaultFeature.AutoExposure.ExtendDefaultLuminanceRange:0]]
[2020.05.19-17.35.13:266][  0]LogConfig: Setting CVar [[r.UsePreExposure:1]]
[2020.05.19-17.35.13:266][  0]LogConfig: Setting CVar [[r.EyeAdaptation.EditorOnly:1]]
[2020.05.19-17.35.13:266][  0]LogConfig: Setting CVar [[r.DefaultFeature.MotionBlur:0]]
[2020.05.19-17.35.13:266][  0]LogConfig: Setting CVar [[r.DefaultFeature.LensFlare:0]]
[2020.05.19-17.35.13:266][  0]LogConfig: Setting CVar [[r.TemporalAA.Upsampling:0]]
[2020.05.19-17.35.13:266][  0]LogConfig: Setting CVar [[r.DefaultFeature.AntiAliasing:0]]
[2020.05.19-17.35.13:266][  0]LogConfig: Setting CVar [[r.DefaultFeature.LightUnits:1]]
[2020.05.19-17.35.13:266][  0]LogConfig: Setting CVar [[r.DefaultBackBufferPixelFormat:4]]
[2020.05.19-17.35.13:266][  0]LogConfig: Setting CVar [[r.Shadow.UnbuiltPreviewInGame:1]]
[2020.05.19-17.35.13:266][  0]LogConfig: Setting CVar [[r.StencilForLODDither:0]]
[2020.05.19-17.35.13:266][  0]LogConfig: Setting CVar [[r.EarlyZPass:3]]
[2020.05.19-17.35.13:266][  0]LogConfig: Setting CVar [[r.EarlyZPassOnlyMaterialMasking:0]]
[2020.05.19-17.35.13:266][  0]LogConfig: Setting CVar [[r.DBuffer:1]]
[2020.05.19-17.35.13:266][  0]LogConfig: Setting CVar [[r.ClearSceneMethod:1]]
[2020.05.19-17.35.13:266][  0]LogConfig: Setting CVar [[r.BasePassOutputsVelocity:0]]
[2020.05.19-17.35.13:266][  0]LogConfig: Setting CVar [[r.SelectiveBasePassOutputs:0]]
[2020.05.19-17.35.13:266][  0]LogConfig: Setting CVar [[fx.GPUSimulationTextureSizeX:1024]]
[2020.05.19-17.35.13:267][  0]LogConfig: Setting CVar [[fx.GPUSimulationTextureSizeY:1024]]
[2020.05.19-17.35.13:267][  0]LogConfig: Setting CVar [[r.AllowGlobalClipPlane:0]]
[2020.05.19-17.35.13:267][  0]LogConfig: Setting CVar [[r.GBufferFormat:1]]
[2020.05.19-17.35.13:267][  0]LogConfig: Setting CVar [[r.MorphTarget.Mode:1]]
[2020.05.19-17.35.13:267][  0]LogConfig: Setting CVar [[vr.InstancedStereo:0]]
[2020.05.19-17.35.13:267][  0]LogConfig: Setting CVar [[vr.MultiView:0]]
[2020.05.19-17.35.13:267][  0]LogConfig: Setting CVar [[vr.MobileMultiView:0]]
[2020.05.19-17.35.13:267][  0]LogConfig: Setting CVar [[vr.MobileMultiView.Direct:0]]
[2020.05.19-17.35.13:267][  0]LogConfig: Setting CVar [[vr.RoundRobinOcclusion:0]]
[2020.05.19-17.35.13:267][  0]LogConfig: Setting CVar [[vr.ODSCapture:0]]
[2020.05.19-17.35.13:267][  0]LogConfig: Setting CVar [[r.WireframeCullThreshold:5.000000]]
[2020.05.19-17.35.13:267][  0]LogConfig: Setting CVar [[r.RayTracing:0]]
[2020.05.19-17.35.13:267][  0]LogConfig: Setting CVar [[r.SupportStationarySkylight:1]]
[2020.05.19-17.35.13:267][  0]LogConfig: Setting CVar [[r.SupportLowQualityLightmaps:1]]
[2020.05.19-17.35.13:267][  0]LogConfig: Setting CVar [[r.SupportPointLightWholeSceneShadows:1]]
[2020.05.19-17.35.13:267][  0]LogConfig: Setting CVar [[r.SupportAtmosphericFog:1]]
[2020.05.19-17.35.13:267][  0]LogConfig: Setting CVar [[r.SkinCache.CompileShaders:0]]
[2020.05.19-17.35.13:267][  0]LogConfig: Setting CVar [[r.Mobile.EnableStaticAndCSMShadowReceivers:1]]
[2020.05.19-17.35.13:267][  0]LogConfig: Setting CVar [[r.Mobile.EnableMovableLightCSMShaderCulling:1]]
[2020.05.19-17.35.13:267][  0]LogConfig: Setting CVar [[r.Mobile.AllowDistanceFieldShadows:1]]
[2020.05.19-17.35.13:267][  0]LogConfig: Setting CVar [[r.Mobile.AllowMovableDirectionalLights:1]]
[2020.05.19-17.35.13:267][  0]LogConfig: Setting CVar [[r.MobileNumDynamicPointLights:4]]
[2020.05.19-17.35.13:267][  0]LogConfig: Setting CVar [[r.MobileDynamicPointLightsUseStaticBranch:1]]
[2020.05.19-17.35.13:267][  0]LogConfig: Setting CVar [[r.Mobile.EnableMovableSpotlights:0]]
[2020.05.19-17.35.13:267][  0]LogConfig: Setting CVar [[r.SkinCache.SceneMemoryLimitInMB:128.000000]]
[2020.05.19-17.35.13:267][  0]LogConfig: Setting CVar [[r.GPUSkin.Limit2BoneInfluences:0]]
[2020.05.19-17.35.13:267][  0]LogConfig: Setting CVar [[r.SupportDepthOnlyIndexBuffers:1]]
[2020.05.19-17.35.13:267][  0]LogConfig: Setting CVar [[r.SupportReversedIndexBuffers:1]]
[2020.05.19-17.35.13:267][  0]LogConfig: Setting CVar [[r.SupportMaterialLayers:0]]
[2020.05.19-17.35.13:267][  0]LogConfig: Applying CVar settings from Section [/Script/Engine.RendererOverrideSettings] File [D:/MyProgramms/UE4/MyProject/MyProject/Saved/Config/Windows/Engine.ini]
[2020.05.19-17.35.13:267][  0]LogConfig: Applying CVar settings from Section [/Script/Engine.StreamingSettings] File [D:/MyProgramms/UE4/MyProject/MyProject/Saved/Config/Windows/Engine.ini]
[2020.05.19-17.35.13:267][  0]LogConfig: Setting CVar [[s.MinBulkDataSizeForAsyncLoading:131072]]
[2020.05.19-17.35.13:267][  0]LogConfig: Setting CVar [[s.AsyncLoadingThreadEnabled:0]]
[2020.05.19-17.35.13:267][  0]LogConfig: Setting CVar [[s.EventDrivenLoaderEnabled:1]]
[2020.05.19-17.35.13:267][  0]LogConfig: Setting CVar [[s.WarnIfTimeLimitExceeded:0]]
[2020.05.19-17.35.13:267][  0]LogConfig: Setting CVar [[s.TimeLimitExceededMultiplier:1.5]]
[2020.05.19-17.35.13:267][  0]LogConfig: Setting CVar [[s.TimeLimitExceededMinTime:0.005]]
[2020.05.19-17.35.13:267][  0]LogConfig: Setting CVar [[s.UseBackgroundLevelStreaming:1]]
[2020.05.19-17.35.13:267][  0]LogConfig: Setting CVar [[s.PriorityAsyncLoadingExtraTime:15.0]]
[2020.05.19-17.35.13:267][  0]LogConfig: Setting CVar [[s.LevelStreamingActorsUpdateTimeLimit:5.0]]
[2020.05.19-17.35.13:267][  0]LogConfig: Setting CVar [[s.PriorityLevelStreamingActorsUpdateExtraTime:5.0]]
[2020.05.19-17.35.13:267][  0]LogConfig: Setting CVar [[s.LevelStreamingComponentsRegistrationGranularity:10]]
[2020.05.19-17.35.13:267][  0]LogConfig: Setting CVar [[s.UnregisterComponentsTimeLimit:1.0]]
[2020.05.19-17.35.13:267][  0]LogConfig: Setting CVar [[s.LevelStreamingComponentsUnregistrationGranularity:5]]
[2020.05.19-17.35.13:267][  0]LogConfig: Applying CVar settings from Section [/Script/Engine.GarbageCollectionSettings] File [D:/MyProgramms/UE4/MyProject/MyProject/Saved/Config/Windows/Engine.ini]
[2020.05.19-17.35.13:267][  0]LogConfig: Setting CVar [[gc.MaxObjectsNotConsideredByGC:1]]
[2020.05.19-17.35.13:267][  0]LogConfig: Setting CVar [[gc.SizeOfPermanentObjectPool:0]]
[2020.05.19-17.35.13:267][  0]LogConfig: Setting CVar [[gc.FlushStreamingOnGC:0]]
[2020.05.19-17.35.13:267][  0]LogConfig: Setting CVar [[gc.NumRetriesBeforeForcingGC:10]]
[2020.05.19-17.35.13:267][  0]LogConfig: Setting CVar [[gc.AllowParallelGC:1]]
[2020.05.19-17.35.13:267][  0]LogConfig: Setting CVar [[gc.TimeBetweenPurgingPendingKillObjects:61.1]]
[2020.05.19-17.35.13:267][  0]LogConfig: Setting CVar [[gc.MaxObjectsInEditor:16777216]]
[2020.05.19-17.35.13:267][  0]LogConfig: Setting CVar [[gc.IncrementalBeginDestroyEnabled:1]]
[2020.05.19-17.35.13:267][  0]LogConfig: Setting CVar [[gc.CreateGCClusters:1]]
[2020.05.19-17.35.13:267][  0]LogConfig: Setting CVar [[gc.MinGCClusterSize:5]]
[2020.05.19-17.35.13:267][  0]LogConfig: Setting CVar [[gc.ActorClusteringEnabled:0]]
[2020.05.19-17.35.13:267][  0]LogConfig: Setting CVar [[gc.BlueprintClusteringEnabled:0]]
[2020.05.19-17.35.13:267][  0]LogConfig: Setting CVar [[gc.UseDisregardForGCOnDedicatedServers:0]]
[2020.05.19-17.35.13:267][  0]LogConfig: Applying CVar settings from Section [/Script/Engine.NetworkSettings] File [D:/MyProgramms/UE4/MyProject/MyProject/Saved/Config/Windows/Engine.ini]
[2020.05.19-17.35.13:267][  0]LogConfig: Applying CVar settings from Section [/Script/UnrealEd.CookerSettings] File [D:/MyProgramms/UE4/MyProject/MyProject/Saved/Config/Windows/Engine.ini]
[2020.05.19-17.35.13:270][  0]LogConfig: Applying CVar settings from Section [ViewDistanceQuality@3] File [D:/MyProgramms/UE4/MyProject/MyProject/Saved/Config/Windows/Scalability.ini]
[2020.05.19-17.35.13:270][  0]LogConfig: Setting CVar [[r.SkeletalMeshLODBias:0]]
[2020.05.19-17.35.13:270][  0]LogConfig: Setting CVar [[r.ViewDistanceScale:1.0]]
[2020.05.19-17.35.13:270][  0]LogConfig: Applying CVar settings from Section [AntiAliasingQuality@3] File [D:/MyProgramms/UE4/MyProject/MyProject/Saved/Config/Windows/Scalability.ini]
[2020.05.19-17.35.13:270][  0]LogConfig: Setting CVar [[r.PostProcessAAQuality:4]]
[2020.05.19-17.35.13:270][  0]LogConfig: Applying CVar settings from Section [ShadowQuality@3] File [D:/MyProgramms/UE4/MyProject/MyProject/Saved/Config/Windows/Scalability.ini]
[2020.05.19-17.35.13:270][  0]LogConfig: Setting CVar [[r.LightFunctionQuality:1]]
[2020.05.19-17.35.13:270][  0]LogConfig: Setting CVar [[r.ShadowQuality:5]]
[2020.05.19-17.35.13:270][  0]LogConfig: Setting CVar [[r.Shadow.CSM.MaxCascades:10]]
[2020.05.19-17.35.13:270][  0]LogConfig: Setting CVar [[r.Shadow.MaxResolution:2048]]
[2020.05.19-17.35.13:270][  0]LogConfig: Setting CVar [[r.Shadow.MaxCSMResolution:2048]]
[2020.05.19-17.35.13:270][  0]LogConfig: Setting CVar [[r.Shadow.RadiusThreshold:0.01]]
[2020.05.19-17.35.13:270][  0]LogConfig: Setting CVar [[r.Shadow.DistanceScale:1.0]]
[2020.05.19-17.35.13:270][  0]LogConfig: Setting CVar [[r.Shadow.CSM.TransitionScale:1.0]]
[2020.05.19-17.35.13:270][  0]LogConfig: Setting CVar [[r.Shadow.PreShadowResolutionFactor:1.0]]
[2020.05.19-17.35.13:270][  0]LogConfig: Setting CVar [[r.DistanceFieldShadowing:1]]
[2020.05.19-17.35.13:270][  0]LogConfig: Setting CVar [[r.DistanceFieldAO:1]]
[2020.05.19-17.35.13:270][  0]LogConfig: Setting CVar [[r.AOQuality:2]]
[2020.05.19-17.35.13:270][  0]LogConfig: Setting CVar [[r.VolumetricFog:1]]
[2020.05.19-17.35.13:270][  0]LogConfig: Setting CVar [[r.VolumetricFog.GridPixelSize:8]]
[2020.05.19-17.35.13:270][  0]LogConfig: Setting CVar [[r.VolumetricFog.GridSizeZ:128]]
[2020.05.19-17.35.13:270][  0]LogConfig: Setting CVar [[r.VolumetricFog.HistoryMissSupersampleCount:4]]
[2020.05.19-17.35.13:270][  0]LogConfig: Setting CVar [[r.LightMaxDrawDistanceScale:1]]
[2020.05.19-17.35.13:270][  0]LogConfig: Setting CVar [[r.CapsuleShadows:1]]
[2020.05.19-17.35.13:270][  0]LogConfig: Applying CVar settings from Section [PostProcessQuality@3] File [D:/MyProgramms/UE4/MyProject/MyProject/Saved/Config/Windows/Scalability.ini]
[2020.05.19-17.35.13:270][  0]LogConfig: Setting CVar [[r.MotionBlurQuality:4]]
[2020.05.19-17.35.13:270][  0]LogConfig: Setting CVar [[r.AmbientOcclusionMipLevelFactor:0.4]]
[2020.05.19-17.35.13:270][  0]LogConfig: Setting CVar [[r.AmbientOcclusionMaxQuality:100]]
[2020.05.19-17.35.13:270][  0]LogConfig: Setting CVar [[r.AmbientOcclusionLevels:-1]]
[2020.05.19-17.35.13:270][  0]LogConfig: Setting CVar [[r.AmbientOcclusionRadiusScale:1.0]]
[2020.05.19-17.35.13:270][  0]LogConfig: Setting CVar [[r.DepthOfFieldQuality:2]]
[2020.05.19-17.35.13:270][  0]LogConfig: Setting CVar [[r.RenderTargetPoolMin:400]]
[2020.05.19-17.35.13:270][  0]LogConfig: Setting CVar [[r.LensFlareQuality:2]]
[2020.05.19-17.35.13:270][  0]LogConfig: Setting CVar [[r.SceneColorFringeQuality:1]]
[2020.05.19-17.35.13:270][  0]LogConfig: Setting CVar [[r.EyeAdaptationQuality:2]]
[2020.05.19-17.35.13:270][  0]LogConfig: Setting CVar [[r.BloomQuality:5]]
[2020.05.19-17.35.13:270][  0]LogConfig: Setting CVar [[r.FastBlurThreshold:100]]
[2020.05.19-17.35.13:270][  0]LogConfig: Setting CVar [[r.Upscale.Quality:3]]
[2020.05.19-17.35.13:270][  0]LogConfig: Setting CVar [[r.Tonemapper.GrainQuantization:1]]
[2020.05.19-17.35.13:270][  0]LogConfig: Setting CVar [[r.LightShaftQuality:1]]
[2020.05.19-17.35.13:270][  0]LogConfig: Setting CVar [[r.Filter.SizeScale:1]]
[2020.05.19-17.35.13:270][  0]LogConfig: Setting CVar [[r.Tonemapper.Quality:5]]
[2020.05.19-17.35.13:270][  0]LogConfig: Setting CVar [[r.DOF.Gather.AccumulatorQuality:1        ; higher gathering accumulator quality]]
[2020.05.19-17.35.13:270][  0]LogConfig: Setting CVar [[r.DOF.Gather.PostfilterMethod:1          ; Median3x3 postfilering method]]
[2020.05.19-17.35.13:270][  0]LogConfig: Setting CVar [[r.DOF.Gather.EnableBokehSettings:0       ; no bokeh simulation when gathering]]
[2020.05.19-17.35.13:270][  0]LogConfig: Setting CVar [[r.DOF.Gather.RingCount:4                 ; medium number of samples when gathering]]
[2020.05.19-17.35.13:270][  0]LogConfig: Setting CVar [[r.DOF.Scatter.ForegroundCompositing:1    ; additive foreground scattering]]
[2020.05.19-17.35.13:270][  0]LogConfig: Setting CVar [[r.DOF.Scatter.BackgroundCompositing:2    ; additive background scattering]]
[2020.05.19-17.35.13:270][  0]LogConfig: Setting CVar [[r.DOF.Scatter.EnableBokehSettings:1      ; bokeh simulation when scattering]]
[2020.05.19-17.35.13:270][  0]LogConfig: Setting CVar [[r.DOF.Scatter.MaxSpriteRatio:0.1         ; only a maximum of 10% of scattered bokeh]]
[2020.05.19-17.35.13:270][  0]LogConfig: Setting CVar [[r.DOF.Recombine.Quality:1                ; cheap slight out of focus]]
[2020.05.19-17.35.13:270][  0]LogConfig: Setting CVar [[r.DOF.Recombine.EnableBokehSettings:0    ; no bokeh simulation on slight out of focus]]
[2020.05.19-17.35.13:270][  0]LogConfig: Setting CVar [[r.DOF.TemporalAAQuality:1                ; more stable temporal accumulation]]
[2020.05.19-17.35.13:270][  0]LogConfig: Setting CVar [[r.DOF.Kernel.MaxForegroundRadius:0.025]]
[2020.05.19-17.35.13:270][  0]LogConfig: Setting CVar [[r.DOF.Kernel.MaxBackgroundRadius:0.025]]
[2020.05.19-17.35.13:270][  0]LogConfig: Applying CVar settings from Section [TextureQuality@3] File [D:/MyProgramms/UE4/MyProject/MyProject/Saved/Config/Windows/Scalability.ini]
[2020.05.19-17.35.13:270][  0]LogConfig: Setting CVar [[r.Streaming.MipBias:0]]
[2020.05.19-17.35.13:270][  0]LogConfig: Setting CVar [[r.Streaming.AmortizeCPUToGPUCopy:0]]
[2020.05.19-17.35.13:271][  0]LogConfig: Setting CVar [[r.Streaming.MaxNumTexturesToStreamPerFrame:0]]
[2020.05.19-17.35.13:271][  0]LogConfig: Setting CVar [[r.Streaming.Boost:1]]
[2020.05.19-17.35.13:271][  0]LogConfig: Setting CVar [[r.MaxAnisotropy:8]]
[2020.05.19-17.35.13:271][  0]LogConfig: Setting CVar [[r.Streaming.LimitPoolSizeToVRAM:0]]
[2020.05.19-17.35.13:271][  0]LogConfig: Setting CVar [[r.Streaming.PoolSize:1000]]
[2020.05.19-17.35.13:271][  0]LogConfig: Setting CVar [[r.Streaming.MaxEffectiveScreenSize:0]]
[2020.05.19-17.35.13:271][  0]LogConfig: Applying CVar settings from Section [EffectsQuality@3] File [D:/MyProgramms/UE4/MyProject/MyProject/Saved/Config/Windows/Scalability.ini]
[2020.05.19-17.35.13:271][  0]LogConfig: Setting CVar [[r.TranslucencyLightingVolumeDim:64]]
[2020.05.19-17.35.13:271][  0]LogConfig: Setting CVar [[r.RefractionQuality:2]]
[2020.05.19-17.35.13:271][  0]LogConfig: Setting CVar [[r.SSR.Quality:3]]
[2020.05.19-17.35.13:271][  0]LogConfig: Setting CVar [[r.SceneColorFormat:4]]
[2020.05.19-17.35.13:271][  0]LogConfig: Setting CVar [[r.DetailMode:2]]
[2020.05.19-17.35.13:271][  0]LogConfig: Setting CVar [[r.TranslucencyVolumeBlur:1]]
[2020.05.19-17.35.13:271][  0]LogConfig: Setting CVar [[r.MaterialQualityLevel:1 ; High quality]]
[2020.05.19-17.35.13:271][  0]LogConfig: Setting CVar [[r.SSS.Scale:1]]
[2020.05.19-17.35.13:271][  0]LogConfig: Setting CVar [[r.SSS.SampleSet:2]]
[2020.05.19-17.35.13:271][  0]LogConfig: Setting CVar [[r.SSS.Quality:1]]
[2020.05.19-17.35.13:271][  0]LogConfig: Setting CVar [[r.SSS.HalfRes:1]]
[2020.05.19-17.35.13:271][  0]LogConfig: Setting CVar [[r.EmitterSpawnRateScale:1.0]]
[2020.05.19-17.35.13:271][  0]LogConfig: Setting CVar [[r.ParticleLightQuality:2]]
[2020.05.19-17.35.13:271][  0]LogConfig: Applying CVar settings from Section [FoliageQuality@3] File [D:/MyProgramms/UE4/MyProject/MyProject/Saved/Config/Windows/Scalability.ini]
[2020.05.19-17.35.13:271][  0]LogConfig: Setting CVar [[foliage.DensityScale:1.0]]
[2020.05.19-17.35.13:271][  0]LogConfig: Setting CVar [[grass.DensityScale:1.0]]
[2020.05.19-17.35.13:271][  0]LogInit: Selected Device Profile: [Windows]
[2020.05.19-17.35.13:271][  0]LogInit: Applying CVar settings loaded from the selected device profile: [Windows]
[2020.05.19-17.35.13:296][  0]LogHAL: Display: Platform has ~ 4 GB [4199690240 / 4294967296 / 4], which maps to Smallest [LargestMinGB=32, LargerMinGB=12, DefaultMinGB=8, SmallerMinGB=6, SmallestMinGB=0)
[2020.05.19-17.35.13:296][  0]LogInit: Going up to parent DeviceProfile []
[2020.05.19-17.35.13:296][  0]LogConfig: Applying CVar settings from Section [ViewDistanceQuality@1] File [D:/MyProgramms/UE4/MyProject/MyProject/Saved/Config/Windows/Scalability.ini]
[2020.05.19-17.35.13:296][  0]LogConfig: Setting CVar [[r.SkeletalMeshLODBias:1]]
[2020.05.19-17.35.13:296][  0]LogConfig: Setting CVar [[r.ViewDistanceScale:0.6]]
[2020.05.19-17.35.13:296][  0]LogConfig: Applying CVar settings from Section [AntiAliasingQuality@1] File [D:/MyProgramms/UE4/MyProject/MyProject/Saved/Config/Windows/Scalability.ini]
[2020.05.19-17.35.13:296][  0]LogConfig: Setting CVar [[r.PostProcessAAQuality:2]]
[2020.05.19-17.35.13:296][  0]LogConfig: Applying CVar settings from Section [ShadowQuality@1] File [D:/MyProgramms/UE4/MyProject/MyProject/Saved/Config/Windows/Scalability.ini]
[2020.05.19-17.35.13:296][  0]LogConfig: Setting CVar [[r.LightFunctionQuality:1]]
[2020.05.19-17.35.13:296][  0]LogConfig: Setting CVar [[r.ShadowQuality:3]]
[2020.05.19-17.35.13:296][  0]LogConfig: Setting CVar [[r.Shadow.CSM.MaxCascades:1]]
[2020.05.19-17.35.13:296][  0]LogConfig: Setting CVar [[r.Shadow.MaxResolution:1024]]
[2020.05.19-17.35.13:296][  0]LogConfig: Setting CVar [[r.Shadow.MaxCSMResolution:1024]]
[2020.05.19-17.35.13:296][  0]LogConfig: Setting CVar [[r.Shadow.RadiusThreshold:0.05]]
[2020.05.19-17.35.13:296][  0]LogConfig: Setting CVar [[r.Shadow.DistanceScale:0.7]]
[2020.05.19-17.35.13:296][  0]LogConfig: Setting CVar [[r.Shadow.CSM.TransitionScale:0.25]]
[2020.05.19-17.35.13:296][  0]LogConfig: Setting CVar [[r.Shadow.PreShadowResolutionFactor:0.5]]
[2020.05.19-17.35.13:296][  0]LogConfig: Setting CVar [[r.DistanceFieldShadowing:0]]
[2020.05.19-17.35.13:296][  0]LogConfig: Setting CVar [[r.DistanceFieldAO:0]]
[2020.05.19-17.35.13:296][  0]LogConfig: Setting CVar [[r.VolumetricFog:0]]
[2020.05.19-17.35.13:296][  0]LogConfig: Setting CVar [[r.LightMaxDrawDistanceScale:.5]]
[2020.05.19-17.35.13:296][  0]LogConfig: Setting CVar [[r.CapsuleShadows:1]]
[2020.05.19-17.35.13:296][  0]LogConfig: Applying CVar settings from Section [PostProcessQuality@1] File [D:/MyProgramms/UE4/MyProject/MyProject/Saved/Config/Windows/Scalability.ini]
[2020.05.19-17.35.13:296][  0]LogConfig: Setting CVar [[r.MotionBlurQuality:3]]
[2020.05.19-17.35.13:297][  0]LogConfig: Setting CVar [[r.AmbientOcclusionMipLevelFactor:1.0]]
[2020.05.19-17.35.13:297][  0]LogConfig: Setting CVar [[r.AmbientOcclusionMaxQuality:60]]
[2020.05.19-17.35.13:297][  0]LogConfig: Setting CVar [[r.AmbientOcclusionLevels:-1]]
[2020.05.19-17.35.13:297][  0]LogConfig: Setting CVar [[r.AmbientOcclusionRadiusScale:1.5]]
[2020.05.19-17.35.13:297][  0]LogConfig: Setting CVar [[r.DepthOfFieldQuality:1]]
[2020.05.19-17.35.13:297][  0]LogConfig: Setting CVar [[r.RenderTargetPoolMin:350]]
[2020.05.19-17.35.13:297][  0]LogConfig: Setting CVar [[r.LensFlareQuality:0]]
[2020.05.19-17.35.13:297][  0]LogConfig: Setting CVar [[r.SceneColorFringeQuality:0]]
[2020.05.19-17.35.13:297][  0]LogConfig: Setting CVar [[r.EyeAdaptationQuality:0]]
[2020.05.19-17.35.13:297][  0]LogConfig: Setting CVar [[r.BloomQuality:4]]
[2020.05.19-17.35.13:297][  0]LogConfig: Setting CVar [[r.FastBlurThreshold:2]]
[2020.05.19-17.35.13:297][  0]LogConfig: Setting CVar [[r.Upscale.Quality:2]]
[2020.05.19-17.35.13:297][  0]LogConfig: Setting CVar [[r.Tonemapper.GrainQuantization:0]]
[2020.05.19-17.35.13:297][  0]LogConfig: Setting CVar [[r.LightShaftQuality:0]]
[2020.05.19-17.35.13:297][  0]LogConfig: Setting CVar [[r.Filter.SizeScale:0.7]]
[2020.05.19-17.35.13:297][  0]LogConfig: Setting CVar [[r.Tonemapper.Quality:2]]
[2020.05.19-17.35.13:297][  0]LogConfig: Setting CVar [[r.DOF.Gather.AccumulatorQuality:0        ; lower gathering accumulator quality]]
[2020.05.19-17.35.13:297][  0]LogConfig: Setting CVar [[r.DOF.Gather.PostfilterMethod:2          ; Max3x3 postfilering method]]
[2020.05.19-17.35.13:297][  0]LogConfig: Setting CVar [[r.DOF.Gather.EnableBokehSettings:0       ; no bokeh simulation when gathering]]
[2020.05.19-17.35.13:297][  0]LogConfig: Setting CVar [[r.DOF.Gather.RingCount:3                 ; low number of samples when gathering]]
[2020.05.19-17.35.13:297][  0]LogConfig: Setting CVar [[r.DOF.Scatter.ForegroundCompositing:0    ; no foreground scattering]]
[2020.05.19-17.35.13:297][  0]LogConfig: Setting CVar [[r.DOF.Scatter.BackgroundCompositing:0    ; no foreground scattering]]
[2020.05.19-17.35.13:297][  0]LogConfig: Setting CVar [[r.DOF.Recombine.Quality:0                ; no slight out of focus]]
[2020.05.19-17.35.13:297][  0]LogConfig: Setting CVar [[r.DOF.TemporalAAQuality:0                ; faster temporal accumulation]]
[2020.05.19-17.35.13:297][  0]LogConfig: Setting CVar [[r.DOF.Kernel.MaxForegroundRadius:0.006   ; required because low gathering and no scattering and not looking great at 1080p]]
[2020.05.19-17.35.13:297][  0]LogConfig: Setting CVar [[r.DOF.Kernel.MaxBackgroundRadius:0.006   ; required because low gathering and no scattering and not looking great at 1080p]]
[2020.05.19-17.35.13:297][  0]LogConfig: Applying CVar settings from Section [TextureQuality@1] File [D:/MyProgramms/UE4/MyProject/MyProject/Saved/Config/Windows/Scalability.ini]
[2020.05.19-17.35.13:297][  0]LogConfig: Setting CVar [[r.Streaming.MipBias:1]]
[2020.05.19-17.35.13:297][  0]LogConfig: Setting CVar [[r.Streaming.AmortizeCPUToGPUCopy:0]]
[2020.05.19-17.35.13:297][  0]LogConfig: Setting CVar [[r.Streaming.MaxNumTexturesToStreamPerFrame:0]]
[2020.05.19-17.35.13:297][  0]LogConfig: Setting CVar [[r.Streaming.Boost:1]]
[2020.05.19-17.35.13:297][  0]LogConfig: Setting CVar [[r.MaxAnisotropy:2]]
[2020.05.19-17.35.13:297][  0]LogConfig: Setting CVar [[r.Streaming.LimitPoolSizeToVRAM:1]]
[2020.05.19-17.35.13:297][  0]LogConfig: Setting CVar [[r.Streaming.PoolSize:600]]
[2020.05.19-17.35.13:297][  0]LogConfig: Setting CVar [[r.Streaming.MaxEffectiveScreenSize:0]]
[2020.05.19-17.35.13:297][  0]LogConfig: Applying CVar settings from Section [EffectsQuality@1] File [D:/MyProgramms/UE4/MyProject/MyProject/Saved/Config/Windows/Scalability.ini]
[2020.05.19-17.35.13:297][  0]LogConfig: Setting CVar [[r.TranslucencyLightingVolumeDim:32]]
[2020.05.19-17.35.13:297][  0]LogConfig: Setting CVar [[r.RefractionQuality:0]]
[2020.05.19-17.35.13:297][  0]LogConfig: Setting CVar [[r.SSR.Quality:0]]
[2020.05.19-17.35.13:297][  0]LogConfig: Setting CVar [[r.SceneColorFormat:3]]
[2020.05.19-17.35.13:297][  0]LogConfig: Setting CVar [[r.DetailMode:1]]
[2020.05.19-17.35.13:297][  0]LogConfig: Setting CVar [[r.TranslucencyVolumeBlur:0]]
[2020.05.19-17.35.13:297][  0]LogConfig: Setting CVar [[r.MaterialQualityLevel:2 ; Medium quality]]
[2020.05.19-17.35.13:297][  0]LogConfig: Setting CVar [[r.SSS.Scale:0.75]]
[2020.05.19-17.35.13:297][  0]LogConfig: Setting CVar [[r.SSS.SampleSet:0]]
[2020.05.19-17.35.13:297][  0]LogConfig: Setting CVar [[r.SSS.Quality:0]]
[2020.05.19-17.35.13:297][  0]LogConfig: Setting CVar [[r.SSS.HalfRes:1]]
[2020.05.19-17.35.13:297][  0]LogConfig: Setting CVar [[r.EmitterSpawnRateScale:0.25]]
[2020.05.19-17.35.13:297][  0]LogConfig: Setting CVar [[r.ParticleLightQuality:0]]
[2020.05.19-17.35.13:297][  0]LogConfig: Applying CVar settings from Section [FoliageQuality@1] File [D:/MyProgramms/UE4/MyProject/MyProject/Saved/Config/Windows/Scalability.ini]
[2020.05.19-17.35.13:297][  0]LogConfig: Setting CVar [[foliage.DensityScale:0.4]]
[2020.05.19-17.35.13:297][  0]LogConfig: Setting CVar [[grass.DensityScale:0.4]]
[2020.05.19-17.35.13:297][  0]LogConfig: Applying CVar settings from Section [Startup] File [../../../Engine/Config/ConsoleVariables.ini]
[2020.05.19-17.35.13:331][  0]LogConfig: Setting CVar [[net.UseAdaptiveNetUpdateFrequency:0]]
[2020.05.19-17.35.13:331][  0]LogConfig: Setting CVar [[p.chaos.AllowCreatePhysxBodies:1]]
[2020.05.19-17.35.13:331][  0]LogConfig: Applying CVar settings from Section [ConsoleVariables] File [D:/MyProgramms/UE4/MyProject/MyProject/Saved/Config/Windows/Engine.ini]
[2020.05.19-17.35.13:331][  0]LogInit: Computer: DESKTOP-2G8KJE2
[2020.05.19-17.35.13:331][  0]LogInit: User: Hitech
[2020.05.19-17.35.13:331][  0]LogInit: CPU Page size=4096, Cores=2
[2020.05.19-17.35.13:331][  0]LogInit: High frequency timer resolution =10.000000 MHz
[2020.05.19-17.35.13:331][  0]LogMemory: Memory total: Physical=3.9GB (4GB approx)
[2020.05.19-17.35.13:331][  0]LogMemory: Platform Memory Stats for Windows
[2020.05.19-17.35.13:331][  0]LogMemory: Process Physical Memory: 99.56 MB used, 99.56 MB peak
[2020.05.19-17.35.13:331][  0]LogMemory: Process Virtual Memory: 98.08 MB used, 98.08 MB peak
[2020.05.19-17.35.13:331][  0]LogMemory: Physical Memory: 2654.89 MB used,  1350.25 MB free, 4005.14 MB total
[2020.05.19-17.35.13:331][  0]LogMemory: Virtual Memory: 4664.55 MB used,  134213064.00 MB free, 134217728.00 MB total
[2020.05.19-17.35.13:365][  0]LogWindows: WindowsPlatformFeatures enabled
[2020.05.19-17.35.14:174][  0]LogInit: Using OS detected language (ru-RU).
[2020.05.19-17.35.14:174][  0]LogInit: Using OS detected locale (ru-RU).
[2020.05.19-17.35.14:277][  0]LogTextLocalizationManager: No specific localization for 'ru-RU' exists, so the 'ru' localization will be used.
[2020.05.19-17.35.14:277][  0]LogTextLocalizationResource: LocRes '../../../Engine/Content/Localization/Editor/ru/Editor.locres' could not be opened for reading!
[2020.05.19-17.35.14:277][  0]LogTextLocalizationResource: LocRes '../../../Engine/Content/Localization/EditorTutorials/ru/EditorTutorials.locres' could not be opened for reading!
[2020.05.19-17.35.14:277][  0]LogTextLocalizationResource: LocRes '../../../Engine/Content/Localization/Keywords/ru/Keywords.locres' could not be opened for reading!
[2020.05.19-17.35.14:278][  0]LogTextLocalizationResource: LocRes '../../../Engine/Content/Localization/Category/ru/Category.locres' could not be opened for reading!
[2020.05.19-17.35.14:487][  0]LogTextLocalizationResource: LocRes '../../../Engine/Content/Localization/ToolTips/ru/ToolTips.locres' could not be opened for reading!
[2020.05.19-17.35.14:521][  0]LogTextLocalizationResource: LocRes '../../../Engine/Content/Localization/PropertyNames/ru/PropertyNames.locres' could not be opened for reading!
[2020.05.19-17.35.14:521][  0]LogTextLocalizationResource: LocRes '../../../Engine/Content/Localization/Engine/ru/Engine.locres' could not be opened for reading!
[2020.05.19-17.35.14:706][  0]LogInit: Setting process to per monitor DPI aware
[2020.05.19-17.35.15:952][  0]LogSlate: New Slate User Created.  User Index 0, Is Virtual User: 0
[2020.05.19-17.35.15:952][  0]LogSlate: Slate User Registered.  User Index 0, Is Virtual User: 0
[2020.05.19-17.35.18:427][  0]LogHMD: Failed to initialize OpenVR with code 110
[2020.05.19-17.35.18:427][  0]LogD3D11RHI: D3D11 adapters:
[2020.05.19-17.35.18:925][  0]LogD3D11RHI:    0. 'NVIDIA GeForce MX110' (Feature Level 11_0)
[2020.05.19-17.35.18:925][  0]LogD3D11RHI:       2010/0/2002 MB DedicatedVideo/DedicatedSystem/SharedSystem, Outputs:1, VendorId:0x10de
[2020.05.19-17.35.19:265][  0]LogD3D11RHI:    1. 'Intel(R) HD Graphics 620' (Feature Level 11_0)
[2020.05.19-17.35.19:265][  0]LogD3D11RHI:       128/0/2002 MB DedicatedVideo/DedicatedSystem/SharedSystem, Outputs:0, VendorId:0x8086
[2020.05.19-17.35.19:429][  0]LogD3D11RHI:    2. 'Microsoft Basic Render Driver' (Feature Level 11_0)
[2020.05.19-17.35.19:429][  0]LogD3D11RHI:       0/0/2002 MB DedicatedVideo/DedicatedSystem/SharedSystem, Outputs:0, VendorId:0x1414
[2020.05.19-17.35.19:429][  0]LogD3D11RHI: Chosen D3D11 Adapter: 0
[2020.05.19-17.35.19:443][  0]LogD3D11RHI: Creating new Direct3DDevice
[2020.05.19-17.35.19:443][  0]LogD3D11RHI:     GPU DeviceId: 0x174e (for the marketing name, search the web for "GPU Device Id")
[2020.05.19-17.35.19:443][  0]LogWindows: EnumDisplayDevices:
[2020.05.19-17.35.19:443][  0]LogWindows:    0. 'Intel(R) HD Graphics 620' (P:1 D:1)
[2020.05.19-17.35.19:443][  0]LogWindows:    1. 'Intel(R) HD Graphics 620' (P:0 D:0)
[2020.05.19-17.35.19:444][  0]LogWindows:    2. 'Intel(R) HD Graphics 620' (P:0 D:0)
[2020.05.19-17.35.19:444][  0]LogWindows: DebugString: PrimaryIsNotTheChoosenAdapter PrimaryIsNotTheChoosenAdapter PrimaryIsNotTheChoosenAdapter FoundDriverCount:0 
[2020.05.19-17.35.19:444][  0]LogD3D11RHI:     Adapter Name: NVIDIA GeForce MX110
[2020.05.19-17.35.19:444][  0]LogD3D11RHI:   Driver Version: Unknown (internal:Unknown, unified:Unknown)
[2020.05.19-17.35.19:444][  0]LogD3D11RHI:      Driver Date: Unknown
[2020.05.19-17.35.19:444][  0]LogRHI: Texture pool is 1407 MB (70% of 2010 MB)
[2020.05.19-17.35.19:671][  0]LogD3D11RHI: Async texture creation enabled
[2020.05.19-17.35.19:692][  0]LogD3D11RHI: GPU Timing Frequency: 1000.000000 (Debug: 2 2)
[2020.05.19-17.35.21:807][  0]LogTemp: Display: Module 'AllDesktopTargetPlatform' loaded TargetPlatform 'AllDesktop'
[2020.05.19-17.35.21:845][  0]LogTemp: Display: Module 'MacClientTargetPlatform' loaded TargetPlatform 'MacClient'
[2020.05.19-17.35.21:854][  0]LogTemp: Display: Module 'MacNoEditorTargetPlatform' loaded TargetPlatform 'MacNoEditor'
[2020.05.19-17.35.21:873][  0]LogTemp: Display: Module 'MacServerTargetPlatform' loaded TargetPlatform 'MacServer'
[2020.05.19-17.35.21:914][  0]LogTemp: Display: Module 'MacTargetPlatform' loaded TargetPlatform 'Mac'
[2020.05.19-17.35.21:975][  0]LogTemp: Display: Module 'WindowsClientTargetPlatform' loaded TargetPlatform 'WindowsClient'
[2020.05.19-17.35.22:155][  0]LogTemp: Display: Module 'WindowsNoEditorTargetPlatform' loaded TargetPlatform 'WindowsNoEditor'
[2020.05.19-17.35.22:222][  0]LogTemp: Display: Module 'WindowsServerTargetPlatform' loaded TargetPlatform 'WindowsServer'
[2020.05.19-17.35.22:271][  0]LogTemp: Display: Module 'WindowsTargetPlatform' loaded TargetPlatform 'Windows'
[2020.05.19-17.35.22:345][  0]LogTemp: Display: Module 'AndroidTargetPlatform' loaded TargetPlatform 'Android'
[2020.05.19-17.35.22:345][  0]LogTemp: Display: Module 'AndroidTargetPlatform' loaded TargetPlatform 'Android_ASTC'
[2020.05.19-17.35.22:345][  0]LogTemp: Display: Module 'AndroidTargetPlatform' loaded TargetPlatform 'Android_ATC'
[2020.05.19-17.35.22:345][  0]LogTemp: Display: Module 'AndroidTargetPlatform' loaded TargetPlatform 'Android_DXT'
[2020.05.19-17.35.22:345][  0]LogTemp: Display: Module 'AndroidTargetPlatform' loaded TargetPlatform 'Android_ETC1'
[2020.05.19-17.35.22:345][  0]LogTemp: Display: Module 'AndroidTargetPlatform' loaded TargetPlatform 'Android_ETC1a'
[2020.05.19-17.35.22:345][  0]LogTemp: Display: Module 'AndroidTargetPlatform' loaded TargetPlatform 'Android_ETC2'
[2020.05.19-17.35.22:345][  0]LogTemp: Display: Module 'AndroidTargetPlatform' loaded TargetPlatform 'Android_PVRTC'
[2020.05.19-17.35.22:345][  0]LogTemp: Display: Module 'AndroidTargetPlatform' loaded TargetPlatform 'AndroidClient'
[2020.05.19-17.35.22:345][  0]LogTemp: Display: Module 'AndroidTargetPlatform' loaded TargetPlatform 'Android_ASTCClient'
[2020.05.19-17.35.22:345][  0]LogTemp: Display: Module 'AndroidTargetPlatform' loaded TargetPlatform 'Android_ATCClient'
[2020.05.19-17.35.22:345][  0]LogTemp: Display: Module 'AndroidTargetPlatform' loaded TargetPlatform 'Android_DXTClient'
[2020.05.19-17.35.22:345][  0]LogTemp: Display: Module 'AndroidTargetPlatform' loaded TargetPlatform 'Android_ETC1Client'
[2020.05.19-17.35.22:345][  0]LogTemp: Display: Module 'AndroidTargetPlatform' loaded TargetPlatform 'Android_ETC1aClient'
[2020.05.19-17.35.22:345][  0]LogTemp: Display: Module 'AndroidTargetPlatform' loaded TargetPlatform 'Android_ETC2Client'
[2020.05.19-17.35.22:345][  0]LogTemp: Display: Module 'AndroidTargetPlatform' loaded TargetPlatform 'Android_PVRTCClient'
[2020.05.19-17.35.22:345][  0]LogTemp: Display: Module 'AndroidTargetPlatform' loaded TargetPlatform 'Android_Multi'
[2020.05.19-17.35.22:345][  0]LogTemp: Display: Module 'AndroidTargetPlatform' loaded TargetPlatform 'Android_MultiClient'
[2020.05.19-17.35.22:540][  0]LogTemp: Display: Module 'HTML5TargetPlatform' loaded TargetPlatform 'HTML5'
[2020.05.19-17.35.22:709][  0]LogTemp: Display: Module 'IOSTargetPlatform' loaded TargetPlatform 'IOSClient'
[2020.05.19-17.35.22:709][  0]LogTemp: Display: Module 'IOSTargetPlatform' loaded TargetPlatform 'IOS'
[2020.05.19-17.35.22:738][  0]LogTemp: Display: Module 'TVOSTargetPlatform' loaded TargetPlatform 'TVOSClient'
[2020.05.19-17.35.22:738][  0]LogTemp: Display: Module 'TVOSTargetPlatform' loaded TargetPlatform 'TVOS'
[2020.05.19-17.35.22:921][  0]LogTemp: Display: Module 'LinuxClientTargetPlatform' loaded TargetPlatform 'LinuxClient'
[2020.05.19-17.35.22:941][  0]LogTemp: Display: Module 'LinuxNoEditorTargetPlatform' loaded TargetPlatform 'LinuxNoEditor'
[2020.05.19-17.35.23:040][  0]LogTemp: Display: Module 'LinuxServerTargetPlatform' loaded TargetPlatform 'LinuxServer'
[2020.05.19-17.35.23:245][  0]LogTemp: Display: Module 'LinuxTargetPlatform' loaded TargetPlatform 'Linux'
[2020.05.19-17.35.23:292][  0]LogTemp: Display: Module 'LuminTargetPlatform' loaded TargetPlatform 'Lumin'
[2020.05.19-17.35.23:292][  0]LogTemp: Display: Module 'LuminTargetPlatform' loaded TargetPlatform 'LuminClient'
[2020.05.19-17.35.23:292][  0]LogTargetPlatformManager: Display: Building Assets For Windows
[2020.05.19-17.35.23:469][  0]LogAudioDebug: Display: Lib vorbis DLL was dynamically loaded.
[2020.05.19-17.35.24:267][  0]LogShaderCompilers: Guid format shader working directory is 16 characters bigger than the processId version (../../../../MyProject/MyProject/Intermediate/Shaders/WorkingDirectory/12252/).
[2020.05.19-17.35.24:267][  0]LogShaderCompilers: Cleaned the shader compiler working directory 'C:/Users/Hi-tech/AppData/Local/Temp/UnrealShaderWorkingDir/9EE480D64134F5288EC84D960EDB95BB/'.
[2020.05.19-17.35.24:310][  0]LogXGEController: Cannot use XGE Controller as Incredibuild is not installed on this machine.
[2020.05.19-17.35.24:311][  0]LogShaderCompilers: Cannot use XGE Shader Compiler as Incredibuild is not installed on this machine.
[2020.05.19-17.35.24:311][  0]LogShaderCompilers: Display: Using Local Shader Compiler.
[2020.05.19-17.35.26:166][  0]LogDerivedDataCache: Display: Max Cache Size: 512 MB
[2020.05.19-17.35.27:336][  0]LogDerivedDataCache: Loaded boot cache 1.17s 73MB C:/Users/Hi-tech/AppData/Local/UnrealEngine/4.23/DerivedDataCache/Boot.ddc.
[2020.05.19-17.35.27:336][  0]LogDerivedDataCache: Display: Loaded Boot cache: C:/Users/Hi-tech/AppData/Local/UnrealEngine/4.23/DerivedDataCache/Boot.ddc
[2020.05.19-17.35.27:336][  0]LogDerivedDataCache: FDerivedDataBackendGraph:  Pak pak cache file ../../../../MyProject/MyProject/DerivedDataCache/DDC.ddp not found, will not use a pak cache.
[2020.05.19-17.35.27:336][  0]LogDerivedDataCache: Unable to find inner node Pak for hierarchical cache Hierarchy.
[2020.05.19-17.35.27:336][  0]LogDerivedDataCache: FDerivedDataBackendGraph:  CompressedPak pak cache file ../../../../MyProject/MyProject/DerivedDataCache/Compressed.ddp not found, will not use a pak cache.
[2020.05.19-17.35.27:336][  0]LogDerivedDataCache: Unable to find inner node CompressedPak for hierarchical cache Hierarchy.
[2020.05.19-17.35.27:433][  0]LogDerivedDataCache: Display: Pak cache opened for reading ../../../Engine/DerivedDataCache/Compressed.ddp.
[2020.05.19-17.35.27:433][  0]LogDerivedDataCache: FDerivedDataBackendGraph:  EnterprisePak pak cache file ../../../Enterprise/DerivedDataCache/Compressed.ddp not found, will not use a pak cache.
[2020.05.19-17.35.27:433][  0]LogDerivedDataCache: Unable to find inner node EnterprisePak for hierarchical cache Hierarchy.
[2020.05.19-17.35.27:446][  0]LogDerivedDataCache: Using Local data cache path C:/Users/Hi-tech/AppData/Local/UnrealEngine/Common/DerivedDataCache: Writable
[2020.05.19-17.35.27:446][  0]LogDerivedDataCache: Shared data cache path not found in *engine.ini, will not use an Shared cache.
[2020.05.19-17.35.27:446][  0]LogDerivedDataCache: Unable to find inner node Shared for hierarchical cache Hierarchy.
[2020.05.19-17.35.27:473][  0]LogMaterial: Verifying Global Shaders for PCD3D_SM5
[2020.05.19-17.35.27:506][  0]LogSlate: Using FreeType 2.6.0
[2020.05.19-17.35.27:651][  0]LogSlate: SlateFontServices - WITH_FREETYPE: 1, WITH_HARFBUZZ: 1
[2020.05.19-17.35.28:372][  0]LogAssetRegistry: FAssetRegistry took 0.0031 seconds to start up
[2020.05.19-17.35.29:055][  0]LogInit: Selected Device Profile: [Windows]
[2020.05.19-17.35.29:782][  0]LogMeshReduction: Using QuadricMeshReduction for automatic static mesh reduction
[2020.05.19-17.35.29:782][  0]LogMeshReduction: Using SimplygonMeshReduction for automatic skeletal mesh reduction
[2020.05.19-17.35.29:782][  0]LogMeshReduction: Using ProxyLODMeshReduction for automatic mesh merging
[2020.05.19-17.35.29:782][  0]LogMeshReduction: No distributed automatic mesh merging module available
[2020.05.19-17.35.29:782][  0]LogMeshMerging: No distributed automatic mesh merging module available
[2020.05.19-17.35.29:824][  0]LogNetVersion: MyProject 1.0.0, NetCL: 8386587, EngineNetVer: 11, GameNetVer: 0 (Checksum: 2896792207)
[2020.05.19-17.35.31:020][  0]LogPackageLocalizationCache: Processed 12 localized package path(s) for 1 prioritized culture(s) in 0.303603 seconds
[2020.05.19-17.35.31:029][  0]LogUObjectArray: 43444 objects as part of root set at end of initial load.
[2020.05.19-17.35.31:029][  0]LogUObjectAllocator: 7548648 out of 0 bytes used by permanent object pool.
[2020.05.19-17.35.31:029][  0]LogUObjectArray: CloseDisregardForGC: 0/0 objects in disregard for GC pool
[2020.05.19-17.35.39:755][  0]LogTcpMessaging: Initializing TcpMessaging bridge
[2020.05.19-17.35.39:832][  0]LogUdpMessaging: Initializing bridge on interface 0.0.0.0:0 to multicast group 230.0.0.1:6666.
[2020.05.19-17.35.40:462][  0]SourceControl: Source control is disabled
[2020.05.19-17.35.40:462][  0]SourceControl: Source control is disabled
[2020.05.19-17.35.40:671][  0]SourceControl: Source control is disabled
[2020.05.19-17.35.40:712][  0]SourceControl: Source control is disabled
[2020.05.19-17.35.42:153][  0]LogAndroidPermission: UAndroidPermissionCallbackProxy::GetInstance
[2020.05.19-17.35.43:015][  0]LogOcInput: OculusInput pre-init called
[2020.05.19-17.35.43:103][  0]LogWindows: Failed to load 'OVRPlugin.dll' (GetLastError=126)
[2020.05.19-17.35.43:103][  0]LogWindows: File 'OVRPlugin.dll' does not exist
[2020.05.19-17.35.43:546][  0]LogEngine: Initializing Engine...
[2020.05.19-17.35.43:568][  0]LogHMD: Failed to initialize OpenVR with code 110
[2020.05.19-17.35.43:570][  0]LogStats: UGameplayTagsManager::InitializeManager -  0.000 s
[2020.05.19-17.35.43:956][  0]LogInit: Initializing FReadOnlyCVARCache
[2020.05.19-17.35.44:282][  0]LogAIModule: Creating AISystem for world Untitled
[2020.05.19-17.35.44:324][  0]LogInit: XAudio2 using 'Динамики (Realtek(R) Audio)' : 2 channels at 48 kHz using 32 bits per sample (channel mask 0x3)
[2020.05.19-17.35.45:237][  0]LogInit: FAudioDevice initialized.
[2020.05.19-17.35.45:238][  0]LogNetVersion: Set ProjectVersion to 1.0.0.0. Version Checksum will be recalculated on next use.
[2020.05.19-17.35.45:658][  0]LogDerivedDataCache: Saved boot cache 0.42s 73MB C:/Users/Hi-tech/AppData/Local/UnrealEngine/4.23/DerivedDataCache/Boot.ddc.
[2020.05.19-17.35.45:667][  0]LogInit: Texture streaming: Enabled
[2020.05.19-17.35.45:910][  0]LogEngineSessionManager: EngineSessionManager initialized
[2020.05.19-17.35.45:910][  0]LogEditorSessionSummary: Verbose: Initializing EditorSessionSummaryWriter for editor session tracking
[2020.05.19-17.35.45:960][  0]LogEditorSessionSummary: EditorSessionSummaryWriter initialized
[2020.05.19-17.35.46:343][  0]LogInit: Transaction tracking system initialized
[2020.05.19-17.35.46:819][  0]BlueprintLog: New page: Editor Load
[2020.05.19-17.35.47:628][  0]LocalizationService: Localization service is disabled
[2020.05.19-17.35.50:399][  0]LogFileCache: Scanning file cache for directory 'D:/MyProgramms/UE4/MyProject/MyProject/Content/' took 0.00s
[2020.05.19-17.35.50:399][  0]LogCook: Display: Max memory allowance for cook 16384mb min free memory 0mb
[2020.05.19-17.35.50:399][  0]LogCook: Display: Mobile HDR setting 1
[2020.05.19-17.35.52:867][  0]SourceControl: Source control is disabled
[2020.05.19-17.35.52:867][  0]Cmd: MAP LOAD FILE="../../../../MyProject/MyProject/Content/ThirdPersonBP/Maps/ThirdPersonExampleMap.umap" TEMPLATE=0 SHOWPROGRESS=1 FEATURELEVEL=3
[2020.05.19-17.35.52:867][  0]LightingResults: New page: Lighting Build
[2020.05.19-17.35.52:921][  0]LogWorld: UWorld::CleanupWorld for Untitled, bSessionEnded=true, bCleanupResources=true
[2020.05.19-17.35.52:921][  0]MapCheck: New page: Map Check
[2020.05.19-17.35.52:921][  0]LightingResults: New page: Lighting Build
[2020.05.19-17.35.53:073][  0]LogUObjectHash: Compacting FUObjectHashTables data took   2.18ms
[2020.05.19-17.35.58:852][  0]LogAIModule: Creating AISystem for world ThirdPersonExampleMap
[2020.05.19-17.35.59:653][  0]LogEditorServer: Finished looking for orphan Actors (0.000 secs)
[2020.05.19-17.36.00:064][  0]LogUObjectHash: Compacting FUObjectHashTables data took   3.18ms
[2020.05.19-17.36.00:064][  0]Cmd: MAP CHECKDEP NOCLEARLOG
[2020.05.19-17.36.00:065][  0]MapCheck: Map check complete: 0 Error(s), 0 Warning(s), took 0,152ms to complete.
[2020.05.19-17.36.00:065][  0]LogFileHelpers: Loading map 'ThirdPersonExampleMap' took 7.197
[2020.05.19-17.36.01:478][  0]LogSlate: Updating window title bar state: overlay mode, drag disabled, window buttons hidden, title bar hidden
[2020.05.19-17.36.01:488][  0]LogSlate: Updating window title bar state: overlay mode, drag disabled, window buttons hidden, title bar hidden
[2020.05.19-17.36.01:495][  0]LogSlate: Updating window title bar state: overlay mode, drag disabled, window buttons hidden, title bar hidden
[2020.05.19-17.36.01:504][  0]LogSlate: Updating window title bar state: overlay mode, drag disabled, window buttons hidden, title bar hidden
[2020.05.19-17.36.03:123][  0]LogSlate: Took 0.011488 seconds to synchronously load lazily loaded font '../../../Engine/Content/Slate/Fonts/Roboto-Regular.ttf' (155K)
[2020.05.19-17.36.03:220][  0]LogSlate: Took 0.022465 seconds to synchronously load lazily loaded font '../../../Engine/Content/Slate/Fonts/Roboto-Bold.ttf' (160K)
[2020.05.19-17.36.03:708][  0]LogRenderer: Reallocating scene render targets to support 1224x708 Format 9 NumSamples 1 (Frame:1).
[2020.05.19-17.36.05:315][  0]LogLoad: (Engine Initialization) Total time: 79.62 seconds
[2020.05.19-17.36.05:315][  0]LogLoad: (Engine Initialization) Total Blueprint compile time: 0.00 seconds
[2020.05.19-17.36.05:598][  0]LogContentStreaming: Texture pool size now 600 MB
[2020.05.19-17.36.07:202][ 20]LogAssetRegistry: Asset discovery search completed in 38.8311 seconds
[2020.05.19-17.36.07:234][ 20]LogCollectionManager: Loaded 0 collections in 0.001086 seconds
[2020.05.19-17.36.07:239][ 20]LogFileCache: Scanning file cache for directory 'D:/MyProgramms/UE4/MyProject/MyProject/Saved/Collections/' took 0.00s
[2020.05.19-17.36.07:239][ 20]LogFileCache: Scanning file cache for directory 'D:/MyProgramms/UE4/MyProject/MyProject/Content/Developers/Hitech/Collections/' took 0.00s
[2020.05.19-17.36.07:239][ 20]LogFileCache: Scanning file cache for directory 'D:/MyProgramms/UE4/MyProject/MyProject/Content/Collections/' took 0.00s
[2020.05.19-17.36.07:239][ 20]LogCollectionManager: Rebuilt the object cache for 0 collections in 0.000003 seconds (found 0 objects)
[2020.05.19-17.36.07:239][ 20]LogCollectionManager: Fixed up redirectors for 0 collections in 0.000157 seconds (updated 0 objects)
[2020.05.19-17.44.05:396][ 53]LogEditorSessionSummary: EditorSessionSummary sent report. Type=Shutdown, SessionId={DE396A09-484B-42A3-F7D5-F6BD54E7CD27}
[2020.05.19-20.35.37:367][ 18]LogSlate: FSceneViewport::OnFocusLost() reason 0
[2020.05.19-20.35.38:381][ 18]LogCollectionManager: Rebuilt the GUID cache for 0 collections in 0.000003 seconds
[2020.05.19-20.35.38:759][ 18]LogContentBrowser: Native class hierarchy populated in 0.3607 seconds. Added 2864 classes and 682 folders.
[2020.05.19-20.35.39:189][ 18]LogContentBrowser: Native class hierarchy updated for 'WidgetCarousel' in 0.0169 seconds. Added 0 classes and 0 folders.
[2020.05.19-20.35.40:186][ 18]LogContentBrowser: Native class hierarchy updated for 'AddContentDialog' in 0.0003 seconds. Added 0 classes and 0 folders.
[2020.05.19-20.35.40:883][ 18]LogSlate: Took 0.030275 seconds to synchronously load lazily loaded font '../../../Engine/Content/Editor/Slate/Fonts/FontAwesome.ttf' (139K)
[2020.05.19-20.35.42:005][ 18]LogSlate: Took 0.009075 seconds to synchronously load lazily loaded font '../../../Engine/Content/Slate/Fonts/Roboto-Light.ttf' (167K)
[2020.05.19-20.36.06:188][690]LogSlate: Took 0.000207 seconds to synchronously load lazily loaded font '../../../Engine/Content/Slate/Fonts/Roboto-Light.ttf' (167K)
[2020.05.19-20.36.06:280][690]LogAssetEditorManager: Opening Asset editor for BehaviorTree /Game/ThirdPersonBP/Maps/Map_Three_Test/BehaviorTree1/BT_Bot_BehaviorTree.BT_Bot_BehaviorTree
[2020.05.19-20.36.07:667][690]LogSlate: Took 0.019682 seconds to synchronously load lazily loaded font '../../../Engine/Content/Slate/Fonts/Roboto-BoldCondensed.ttf' (158K)
[2020.05.19-20.36.13:310][827]LogAssetEditorManager: Opening Asset editor for Blueprint /Game/ThirdPersonBP/Maps/Map_Three_Test/BehaviorTree1/Task_GetRandomPoint.Task_GetRandomPoint
[2020.05.19-20.36.15:899][827]LogContentBrowser: Native class hierarchy updated for 'BlueprintGraph' in 0.0007 seconds. Added 121 classes and 0 folders.
[2020.05.19-20.38.42:786][ 88]LogSlate: Took 0.019940 seconds to synchronously load lazily loaded font '../../../Engine/Content/Slate/Fonts/Roboto-Italic.ttf' (157K)
[2020.05.19-20.39.06:527][934]LogWindowsTextInputMethodSystem: Display: IME system now deactivated.
[2020.05.19-20.39.06:527][934]LogWindowsTextInputMethodSystem: Display: IME system now deactivated.
[2020.05.19-20.40.59:073][499]LogUObjectHash: Compacting FUObjectHashTables data took  12.07ms
[2020.05.19-20.40.59:073][499]LogFileHelpers: Editor autosave (incl. sublevels) for '/Game/ThirdPersonBP/Maps/ThirdPersonExampleMap' took 0.322
[2020.05.19-20.40.59:267][499]OBJ SavePackage: Generating thumbnails for [0] asset(s) in package [/Game/ThirdPersonBP/Maps/Map_Three_Test/BehaviorTree1/Task_GetRandomPoint] ([1] browsable assets)...
[2020.05.19-20.40.59:282][499]OBJ SavePackage: Finished generating thumbnails for package [/Game/ThirdPersonBP/Maps/Map_Three_Test/BehaviorTree1/Task_GetRandomPoint]
[2020.05.19-20.40.59:661][499]LogSavePackage: Moving '../../../../MyProject/MyProject/Saved/Task_GetRandomPoint_Auto1B1343CED4DD830B392FB0CA7F024DC33.tmp' to '../../../../MyProject/MyProject/Saved/Autosaves/Game/ThirdPersonBP/Maps/Map_Three_Test/BehaviorTree1/Task_GetRandomPoint_Auto1.uasset'
[2020.05.19-20.40.59:696][499]LogFileHelpers: Auto-saving content packages took 0.621
[2020.05.19-20.43.03:841][159]LogAssetEditorManager: Opening Asset editor for BlackboardData /Game/ThirdPersonBP/Maps/Map_Three_Test/BehaviorTree2/BB_BlackboardData2.BB_BlackboardData2
[2020.05.19-20.43.11:795][411]LogAssetEditorManager: Opening Asset editor for BehaviorTree /Game/ThirdPersonBP/Maps/Map_Three_Test/BehaviorTree2/BT_Bot_BehaviorTree_2.BT_Bot_BehaviorTree_2
[2020.05.19-20.50.53:263][934]LogSlate: Prevented a slow task dialog from being summoned while a context menu was open
[2020.05.19-20.50.53:263][934]LogAssetEditorManager: Opening Asset editor for Blueprint /Game/ThirdPersonBP/Maps/Map_Three_Test/BehaviorTree1/BTTask_BlueprintBase_New.BTTask_BlueprintBase_New
[2020.05.19-20.50.53:631][934]LogPackageName: SearchForPackageOnDisk took   0.000s, but failed to resolve /Game/ThirdPersonBP/Maps/Map_Three_Test/BehaviorTree1/BTTask_BlueprintBase_New.
[2020.05.19-20.51.49:759][901]LogUObjectHash: Compacting FUObjectHashTables data took   4.01ms
[2020.05.19-20.51.49:759][901]LogFileHelpers: Editor autosave (incl. sublevels) for '/Game/ThirdPersonBP/Maps/ThirdPersonExampleMap' took 0.044
[2020.05.19-20.51.49:761][901]OBJ SavePackage: Generating thumbnails for [0] asset(s) in package [/Game/ThirdPersonBP/Maps/Map_Three_Test/BehaviorTree1/BT_Bot_BehaviorTree] ([1] browsable assets)...
[2020.05.19-20.51.49:761][901]OBJ SavePackage: Finished generating thumbnails for package [/Game/ThirdPersonBP/Maps/Map_Three_Test/BehaviorTree1/BT_Bot_BehaviorTree]
[2020.05.19-20.51.49:768][901]LogSavePackage: Moving '../../../../MyProject/MyProject/Saved/BT_Bot_BehaviorTree_Auto29427E2054500A100C2873890F3756B71.tmp' to '../../../../MyProject/MyProject/Saved/Autosaves/Game/ThirdPersonBP/Maps/Map_Three_Test/BehaviorTree1/BT_Bot_BehaviorTree_Auto2.uasset'
[2020.05.19-20.51.49:770][901]OBJ SavePackage: Generating thumbnails for [0] asset(s) in package [/Game/ThirdPersonBP/Maps/Map_Three_Test/BehaviorTree1/BTTask_BlueprintBase_New] ([1] browsable assets)...
[2020.05.19-20.51.49:770][901]OBJ SavePackage: Finished generating thumbnails for package [/Game/ThirdPersonBP/Maps/Map_Three_Test/BehaviorTree1/BTTask_BlueprintBase_New]
[2020.05.19-20.51.49:774][901]LogSavePackage: Moving '../../../../MyProject/MyProject/Saved/BTTask_BlueprintBase_New_Auto2E45665AA4AC14C663F7C23895389A10A.tmp' to '../../../../MyProject/MyProject/Saved/Autosaves/Game/ThirdPersonBP/Maps/Map_Three_Test/BehaviorTree1/BTTask_BlueprintBase_New_Auto2.uasset'
[2020.05.19-20.51.49:776][901]LogFileHelpers: Auto-saving content packages took 0.016
[2020.05.19-20.52.02:876][412]LogActorFactory: Actor Factory created Cube
[2020.05.19-20.52.08:032][601]LogActorFactory: Actor Factory created Cube
[2020.05.19-20.52.47:928][208]LogEditorViewport: Clicking on Actor (LMB): StaticMeshActor (Floor)
[2020.05.19-20.52.49:978][287]LogEditorViewport: Clicking on Actor (LMB): BOT_C (BOT)
[2020.05.19-20.52.56:406][523]LogSlate: FSceneViewport::OnFocusLost() reason 0
[2020.05.19-20.53.06:807][972]LogEditorViewport: Clicking on Actor (LMB): StaticMeshActor (Wall10)
[2020.05.19-20.53.07:861][  8]LogEditorViewport: Clicking on Actor (LMB): StaticMeshActor (Cube)
[2020.05.19-20.53.30:960][993]LogEditorViewport: Clicking on Actor (LMB): StaticMeshActor (Wall11)
[2020.05.19-20.53.32:721][ 65]LogEditorViewport: Clicking on Actor (LMB): StaticMeshActor (Wall11)
[2020.05.19-20.53.37:604][263]Cmd: TRANSACTION UNDO
[2020.05.19-20.53.37:604][263]LogEditorTransaction: Undo Move Actors
[2020.05.19-20.53.39:226][318]Cmd: TRANSACTION UNDO
[2020.05.19-20.53.39:226][318]LogEditorTransaction: Undo Clicking on Actors
[2020.05.19-20.54.24:174][136]LogSlate: FSceneViewport::OnFocusLost() reason 0
[2020.05.19-20.58.37:942][ 89]LogSlate: Prevented a slow task dialog from being summoned while a context menu was open
[2020.05.19-20.59.08:763][275]LogHttp: Warning: 000002BD848FF740: invalid HTTP response code received. URL: https://datarouter.ol.epicgames.com/datarouter/api/v1/public/data?SessionID=%7BA580B91F-45A5-67CB-FF46-14ACFFC7CF91%7D&AppID=UEEditor.Rocket.Release&AppVersion=4.23.1-9631420%2B%2B%2BUE4%2BRelease-4.23&UserID=40a5260f43dad124332e8887f95128e0%7C41609de3a7f648cd8eaaf60a64413232%7C10e1b6f1-3664-4f5d-aaef-ec61a8f6a02f&AppEnvironment=datacollector-binary&UploadType=eteventstream, HTTP code: 0, content length: -1, actual payload size: 0
[2020.05.19-20.59.08:763][275]LogHttp: Warning: 000002BD848FF740: request failed, libcurl error: 0 (No error)
[2020.05.19-20.59.08:763][275]LogHttp: Warning: 000002BD848FF740: libcurl info message cache 0 (Found bundle for host datarouter.ol.epicgames.com: 0x2bd75397f70 [can pipeline])
[2020.05.19-20.59.08:763][275]LogHttp: Warning: 000002BD848FF740: libcurl info message cache 1 (Re-using existing connection! (#68) with host datarouter.ol.epicgames.com)
[2020.05.19-20.59.08:763][275]LogHttp: Warning: 000002BD848FF740: libcurl info message cache 2 (Connected to datarouter.ol.epicgames.com (34.203.132.217) port 443 (#68))
[2020.05.19-20.59.08:763][275]LogHttp: Warning: 000002BD848FF740: libcurl info message cache 3 (We are completely uploaded and fine)
[2020.05.19-20.59.08:763][275]LogHttp: Warning: 000002BD848FF740: libcurl info message cache 4 (TLSv1.2 (IN), TLS alert, Client hello (1):)
[2020.05.19-20.59.08:763][275]LogHttp: Warning: 000002BD848FF740: libcurl info message cache 5 (Connection died, retrying a fresh connect)
[2020.05.19-20.59.08:763][275]LogHttp: Warning: 000002BD848FF740: libcurl info message cache 6 (necessary data rewind wasn't possible)
[2020.05.19-20.59.08:763][275]LogHttp: Warning: 000002BD848FF740: libcurl info message cache 7 (Closing connection 68)
[2020.05.19-20.59.08:763][275]LogHttp: Warning: 000002BD848FF740: libcurl info message cache 8 (TLSv1.2 (OUT), TLS alert, Client hello (1):)
[2020.05.19-20.59.08:792][276]LogHttp: Warning: Retry exhausted on https://datarouter.ol.epicgames.com/datarouter/api/v1/public/data?SessionID=%7BA580B91F-45A5-67CB-FF46-14ACFFC7CF91%7D&AppID=UEEditor.Rocket.Release&AppVersion=4.23.1-9631420%2B%2B%2BUE4%2BRelease-4.23&UserID=40a5260f43dad124332e8887f95128e0%7C41609de3a7f648cd8eaaf60a64413232%7C10e1b6f1-3664-4f5d-aaef-ec61a8f6a02f&AppEnvironment=datacollector-binary&UploadType=eteventstream
[2020.05.19-20.59.46:377][563]LogSlate: Took 0.037676 seconds to synchronously load lazily loaded font '../../../Engine/Content/Slate/Fonts/Roboto-BoldCondensedItalic.ttf' (160K)
[2020.05.19-21.00.12:092][533]BlueprintLog: New page: Compile BTTask_BlueprintBase_New
[2020.05.19-21.00.12:170][533]LogUObjectHash: Compacting FUObjectHashTables data took   7.47ms
[2020.05.19-21.05.14:642][603]LogUObjectHash: Compacting FUObjectHashTables data took   5.47ms
[2020.05.19-21.05.15:843][603]LogSavePackage: Moving '../../../../MyProject/MyProject/Saved/ThirdPersonExampleMap_Auto311189C10477829E947FF4D8A0D145756.tmp' to '../../../../MyProject/MyProject/Saved/Autosaves/Game/ThirdPersonBP/Maps/ThirdPersonExampleMap_Auto3.umap'
[2020.05.19-21.05.15:846][603]LogFileHelpers: Editor autosave (incl. sublevels) for '/Game/ThirdPersonBP/Maps/ThirdPersonExampleMap' took 1.261
[2020.05.19-21.05.15:847][603]LogFileHelpers: Editor autosave (incl. sublevels) for all levels took 1.261
[2020.05.19-21.05.15:849][603]OBJ SavePackage: Generating thumbnails for [0] asset(s) in package [/Game/ThirdPersonBP/Maps/Map_Three_Test/BehaviorTree1/BB_BlackboardData] ([1] browsable assets)...
[2020.05.19-21.05.15:849][603]OBJ SavePackage: Finished generating thumbnails for package [/Game/ThirdPersonBP/Maps/Map_Three_Test/BehaviorTree1/BB_BlackboardData]
[2020.05.19-21.05.15:854][603]LogSavePackage: Moving '../../../../MyProject/MyProject/Saved/BB_BlackboardData_Auto3E0B1AEAB48A384598427C3974B2DFDEA.tmp' to '../../../../MyProject/MyProject/Saved/Autosaves/Game/ThirdPersonBP/Maps/Map_Three_Test/BehaviorTree1/BB_BlackboardData_Auto3.uasset'
[2020.05.19-21.05.15:856][603]OBJ SavePackage: Generating thumbnails for [0] asset(s) in package [/Game/ThirdPersonBP/Maps/Map_Three_Test/BehaviorTree1/BTTask_BlueprintBase_New] ([1] browsable assets)...
[2020.05.19-21.05.15:856][603]OBJ SavePackage: Finished generating thumbnails for package [/Game/ThirdPersonBP/Maps/Map_Three_Test/BehaviorTree1/BTTask_BlueprintBase_New]
[2020.05.19-21.05.15:874][603]LogSavePackage: Moving '../../../../MyProject/MyProject/Saved/BTTask_BlueprintBase_New_Auto339FA16D64EC3EAD81AC7CCBC5A829E08.tmp' to '../../../../MyProject/MyProject/Saved/Autosaves/Game/ThirdPersonBP/Maps/Map_Three_Test/BehaviorTree1/BTTask_BlueprintBase_New_Auto3.uasset'
[2020.05.19-21.05.15:876][603]LogFileHelpers: Auto-saving content packages took 0.028
[2020.05.19-21.19.58:566][227]LogSavePackage: Moving '../../../../MyProject/MyProject/Saved/BT_Bot_BehaviorTreeE2D9807B4DD0025D054617A6D763C6F3.tmp' to '../../../../MyProject/MyProject/Content/ThirdPersonBP/Maps/Map_Three_Test/BehaviorTree1/BT_Bot_BehaviorTree.uasset'
[2020.05.19-21.19.58:625][227]LogSavePackage: Moving '../../../../MyProject/MyProject/Saved/BB_BlackboardDataDA0DDB5A4A0BDC8E81B717B2A66D3D41.tmp' to '../../../../MyProject/MyProject/Content/ThirdPersonBP/Maps/Map_Three_Test/BehaviorTree1/BB_BlackboardData.uasset'
[2020.05.19-21.22.18:081][816]LogUObjectHash: Compacting FUObjectHashTables data took   4.88ms
[2020.05.19-21.22.18:081][816]LogFileHelpers: Editor autosave (incl. sublevels) for '/Game/ThirdPersonBP/Maps/ThirdPersonExampleMap' took 0.095
[2020.05.19-21.22.18:083][816]OBJ SavePackage: Generating thumbnails for [0] asset(s) in package [/Game/ThirdPersonBP/Maps/Map_Three_Test/BehaviorTree1/BTTask_BlueprintBase_New] ([1] browsable assets)...
[2020.05.19-21.22.18:083][816]OBJ SavePackage: Finished generating thumbnails for package [/Game/ThirdPersonBP/Maps/Map_Three_Test/BehaviorTree1/BTTask_BlueprintBase_New]
[2020.05.19-21.22.18:092][816]LogSavePackage: Moving '../../../../MyProject/MyProject/Saved/BTTask_BlueprintBase_New_Auto4E6F9F8D04A02462475F8A0A95EF58886.tmp' to '../../../../MyProject/MyProject/Saved/Autosaves/Game/ThirdPersonBP/Maps/Map_Three_Test/BehaviorTree1/BTTask_BlueprintBase_New_Auto4.uasset'
[2020.05.19-21.22.18:094][816]LogFileHelpers: Auto-saving content packages took 0.012
[2020.05.19-21.22.53:811][107]LogSlate: Window 'Change Variable Type' being destroyed
[2020.05.19-21.23.03:907][405]LogSlate: Window 'Find in Blueprints' being destroyed
[2020.05.19-21.23.03:948][405]LogSlate: Window 'Find in Blueprints' being destroyed
[2020.05.19-21.23.50:323][  9]BlueprintLog: New page: Compile BTTask_BlueprintBase_New
[2020.05.19-21.23.50:353][  9]LogClass: Warning: Type mismatch in tagName of BTTask_BlueprintBase_New_C - Previous (NameProperty) Current(StructProperty) for package:  FObjectReader
[2020.05.19-21.23.50:640][  9]LogUObjectHash: Compacting FUObjectHashTables data took  24.70ms
[2020.05.19-21.24.16:818][968]LogSavePackage: Moving '../../../../MyProject/MyProject/Saved/BT_Bot_BehaviorTreeAF2C323E4F2B98A7EBEC9AA93050B35F.tmp' to '../../../../MyProject/MyProject/Content/ThirdPersonBP/Maps/Map_Three_Test/BehaviorTree1/BT_Bot_BehaviorTree.uasset'
[2020.05.19-21.26.45:134][698]LogSlate: Prevented a slow task dialog from being summoned while a context menu was open
[2020.05.19-21.28.36:275][491]LogSavePackage: Moving '../../../../MyProject/MyProject/Saved/BB_BlackboardData6CF2722B4CE38774ED7FF2A2475D45D0.tmp' to '../../../../MyProject/MyProject/Content/ThirdPersonBP/Maps/Map_Three_Test/BehaviorTree1/BB_BlackboardData.uasset'
[2020.05.19-21.29.38:781][597]BlueprintLog: New page: Compile BTTask_BlueprintBase_New
[2020.05.19-21.29.39:056][597]LogUObjectHash: Compacting FUObjectHashTables data took   4.65ms
[2020.05.19-21.30.23:524][321]Cmd: TRANSACTION UNDO
[2020.05.19-21.30.23:524][321]LogEditorTransaction: Undo Create Pin Link
[2020.05.19-21.33.16:028][704]LogUObjectHash: Compacting FUObjectHashTables data took   6.88ms
[2020.05.19-21.33.16:028][704]LogFileHelpers: Editor autosave (incl. sublevels) for '/Game/ThirdPersonBP/Maps/ThirdPersonExampleMap' took 0.068
[2020.05.19-21.33.16:031][704]OBJ SavePackage: Generating thumbnails for [0] asset(s) in package [/Game/ThirdPersonBP/Maps/Map_Three_Test/BehaviorTree1/BT_Bot_BehaviorTree] ([1] browsable assets)...
[2020.05.19-21.33.16:031][704]OBJ SavePackage: Finished generating thumbnails for package [/Game/ThirdPersonBP/Maps/Map_Three_Test/BehaviorTree1/BT_Bot_BehaviorTree]
[2020.05.19-21.33.16:039][704]LogSavePackage: Moving '../../../../MyProject/MyProject/Saved/BT_Bot_BehaviorTree_Auto51AF97156487765FD4179289D6D37202E.tmp' to '../../../../MyProject/MyProject/Saved/Autosaves/Game/ThirdPersonBP/Maps/Map_Three_Test/BehaviorTree1/BT_Bot_BehaviorTree_Auto5.uasset'
[2020.05.19-21.33.16:041][704]OBJ SavePackage: Generating thumbnails for [0] asset(s) in package [/Game/ThirdPersonBP/Maps/Map_Three_Test/BehaviorTree1/BTTask_BlueprintBase_New] ([1] browsable assets)...
[2020.05.19-21.33.16:041][704]OBJ SavePackage: Finished generating thumbnails for package [/Game/ThirdPersonBP/Maps/Map_Three_Test/BehaviorTree1/BTTask_BlueprintBase_New]
[2020.05.19-21.33.16:055][704]LogSavePackage: Moving '../../../../MyProject/MyProject/Saved/BTTask_BlueprintBase_New_Auto5C6B6EC9C470EE87800DF3A9E47980B86.tmp' to '../../../../MyProject/MyProject/Saved/Autosaves/Game/ThirdPersonBP/Maps/Map_Three_Test/BehaviorTree1/BTTask_BlueprintBase_New_Auto5.uasset'
[2020.05.19-21.33.16:057][704]LogFileHelpers: Auto-saving content packages took 0.027
[2020.05.19-21.39.12:129][559]LogEditorTransaction: Undo Delete current selection
[2020.05.19-21.45.12:205][ 86]LogSelectionDetails: Warning: NavigateToFunctionSource:  Unable to find symbols for 'UBTFunctionLibrary::GetBlackboardValueAsBool' [Элемент не найден.]
[2020.05.19-21.46.48:991][995]Cmd: TRANSACTION UNDO
[2020.05.19-21.46.48:991][995]LogEditorTransaction: Undo Create Reroute Node
[2020.05.19-21.48.20:456][733]Cmd: TRANSACTION UNDO
[2020.05.19-21.48.20:456][733]LogEditorTransaction: Undo Create Reroute Node
[2020.05.19-21.50.23:995][467]LogUObjectHash: Compacting FUObjectHashTables data took   4.51ms
[2020.05.19-21.50.24:374][467]LogSavePackage: Moving '../../../../MyProject/MyProject/Saved/ThirdPersonExampleMap_Auto6A7913538488AF304FE2B6B924AE2EB01.tmp' to '../../../../MyProject/MyProject/Saved/Autosaves/Game/ThirdPersonBP/Maps/ThirdPersonExampleMap_Auto6.umap'
[2020.05.19-21.50.24:378][467]LogFileHelpers: Editor autosave (incl. sublevels) for '/Game/ThirdPersonBP/Maps/ThirdPersonExampleMap' took 0.433
[2020.05.19-21.50.24:378][467]LogFileHelpers: Editor autosave (incl. sublevels) for all levels took 0.433
[2020.05.19-21.50.24:380][467]OBJ SavePackage: Generating thumbnails for [0] asset(s) in package [/Game/ThirdPersonBP/Maps/Map_Three_Test/BehaviorTree1/BT_Bot_BehaviorTree] ([1] browsable assets)...
[2020.05.19-21.50.24:380][467]OBJ SavePackage: Finished generating thumbnails for package [/Game/ThirdPersonBP/Maps/Map_Three_Test/BehaviorTree1/BT_Bot_BehaviorTree]
[2020.05.19-21.50.24:411][467]LogSavePackage: Moving '../../../../MyProject/MyProject/Saved/BT_Bot_BehaviorTree_Auto6653456B44B5ADB64E28C94BF5EDDF723.tmp' to '../../../../MyProject/MyProject/Saved/Autosaves/Game/ThirdPersonBP/Maps/Map_Three_Test/BehaviorTree1/BT_Bot_BehaviorTree_Auto6.uasset'
[2020.05.19-21.50.24:412][467]OBJ SavePackage: Generating thumbnails for [0] asset(s) in package [/Game/ThirdPersonBP/Maps/Map_Three_Test/BehaviorTree1/BTTask_BlueprintBase_New] ([1] browsable assets)...
[2020.05.19-21.50.24:413][467]OBJ SavePackage: Finished generating thumbnails for package [/Game/ThirdPersonBP/Maps/Map_Three_Test/BehaviorTree1/BTTask_BlueprintBase_New]
[2020.05.19-21.50.24:427][467]LogSavePackage: Moving '../../../../MyProject/MyProject/Saved/BTTask_BlueprintBase_New_Auto6538BA5D94DF68E82B138948248F07539.tmp' to '../../../../MyProject/MyProject/Saved/Autosaves/Game/ThirdPersonBP/Maps/Map_Three_Test/BehaviorTree1/BTTask_BlueprintBase_New_Auto6.uasset'
[2020.05.19-21.50.24:441][467]LogFileHelpers: Auto-saving content packages took 0.061
[2020.05.19-21.50.28:801][609]LogUObjectHash: Compacting FUObjectHashTables data took   3.56ms
[2020.05.19-21.50.29:099][609]LogSavePackage: Moving '../../../../MyProject/MyProject/Saved/ThirdPersonExampleMap8C33F0634487FF942598DAA8E503C53A.tmp' to '../../../../MyProject/MyProject/Content/ThirdPersonBP/Maps/ThirdPersonExampleMap.umap'
[2020.05.19-21.50.29:141][609]Cmd: OBJ SAVEPACKAGE PACKAGE="/Game/ThirdPersonBP/Maps/ThirdPersonExampleMap_BuiltData" FILE="../../../../MyProject/MyProject/Content/ThirdPersonBP/Maps/ThirdPersonExampleMap_BuiltData.uasset" SILENT=true
[2020.05.19-21.50.29:891][609]LogSavePackage: Moving '../../../../MyProject/MyProject/Saved/ThirdPersonExampleMap_BuiltData52BD82D949AD3621257828A22206713D.tmp' to '../../../../MyProject/MyProject/Content/ThirdPersonBP/Maps/ThirdPersonExampleMap_BuiltData.uasset'
[2020.05.19-21.51.11:603][103]LogSlate: Prevented a slow task dialog from being summoned while a context menu was open
[2020.05.19-21.52.07:855][265]Cmd: TRANSACTION UNDO
[2020.05.19-21.52.07:855][265]LogEditorTransaction: Undo Delete Blackboard Entry
[2020.05.19-21.52.37:293][431]LogSlate: Window 'Localization Dashboard' being destroyed
[2020.05.19-21.52.37:322][431]LogSlate: Window 'Localization Dashboard' being destroyed
[2020.05.19-21.53.01:261][298]LogRenderer: Reallocating scene render targets to support 1224x728 Format 9 NumSamples 1 (Frame:512736).
[2020.05.19-21.53.37:194][840]Cmd: TRANSACTION UNDO
[2020.05.19-21.53.37:194][840]LogEditorTransaction: Undo Add Blackboard Entry
[2020.05.19-21.53.38:055][882]Cmd: TRANSACTION UNDO
[2020.05.19-21.53.38:055][882]LogEditorTransaction: Undo Move Node
[2020.05.19-21.53.38:369][898]Cmd: TRANSACTION UNDO
[2020.05.19-21.53.38:370][898]LogEditorTransaction: Undo Delete current selection
[2020.05.19-21.53.38:816][912]Cmd: TRANSACTION UNDO
[2020.05.19-21.53.38:816][912]LogEditorTransaction: Undo Delete current selection
[2020.05.19-21.53.39:272][927]Cmd: TRANSACTION UNDO
[2020.05.19-21.53.39:272][927]LogEditorTransaction: Undo Delete current selection
[2020.05.19-21.54.45:219][298]LogEditorViewport: Clicking on Actor (LMB): StaticMeshActor (Floor)
[2020.05.19-21.54.45:540][303]LogEditorViewport: Clicking on Component (LMB): StaticMeshComponent (StaticMeshComponent0)
[2020.05.19-21.54.45:748][309]LogEditorViewport: Clicking on Component (LMB): StaticMeshComponent (StaticMeshComponent0)
[2020.05.19-21.54.50:205][446]LogSlate: FSceneViewport::OnFocusLost() reason 0
[2020.05.19-21.59.16:169][459]BlueprintLog: New page: Compile BTTask_BlueprintBase_New
[2020.05.19-21.59.16:521][459]LogUObjectHash: Compacting FUObjectHashTables data took   5.69ms
[2020.05.19-22.07.17:530][ 26]LogUObjectHash: Compacting FUObjectHashTables data took   5.05ms
[2020.05.19-22.07.17:530][ 26]LogFileHelpers: Editor autosave (incl. sublevels) for '/Game/ThirdPersonBP/Maps/ThirdPersonExampleMap' took 0.054
[2020.05.19-22.07.17:533][ 26]OBJ SavePackage: Generating thumbnails for [0] asset(s) in package [/Game/ThirdPersonBP/Maps/Map_Three_Test/BehaviorTree1/BB_BlackboardData] ([1] browsable assets)...
[2020.05.19-22.07.17:533][ 26]OBJ SavePackage: Finished generating thumbnails for package [/Game/ThirdPersonBP/Maps/Map_Three_Test/BehaviorTree1/BB_BlackboardData]
[2020.05.19-22.07.17:538][ 26]LogSavePackage: Moving '../../../../MyProject/MyProject/Saved/BB_BlackboardData_Auto759C56E044DDE632E615E309DC6F62EBB.tmp' to '../../../../MyProject/MyProject/Saved/Autosaves/Game/ThirdPersonBP/Maps/Map_Three_Test/BehaviorTree1/BB_BlackboardData_Auto7.uasset'
[2020.05.19-22.07.17:539][ 26]OBJ SavePackage: Generating thumbnails for [0] asset(s) in package [/Game/ThirdPersonBP/Maps/Map_Three_Test/BehaviorTree1/BTTask_BlueprintBase_New] ([1] browsable assets)...
[2020.05.19-22.07.17:539][ 26]OBJ SavePackage: Finished generating thumbnails for package [/Game/ThirdPersonBP/Maps/Map_Three_Test/BehaviorTree1/BTTask_BlueprintBase_New]
[2020.05.19-22.07.17:560][ 26]LogSavePackage: Moving '../../../../MyProject/MyProject/Saved/BTTask_BlueprintBase_New_Auto749FFCA6E4553BB442D2543926BF44126.tmp' to '../../../../MyProject/MyProject/Saved/Autosaves/Game/ThirdPersonBP/Maps/Map_Three_Test/BehaviorTree1/BTTask_BlueprintBase_New_Auto7.uasset'
[2020.05.19-22.07.17:562][ 26]LogFileHelpers: Auto-saving content packages took 0.030
[2020.05.19-22.07.44:430][  6]LogEditorTransaction: Undo Move Node
[2020.05.19-22.07.52:868][302]LogWindowsTextInputMethodSystem: Display: IME system now deactivated.
[2020.05.19-22.07.52:868][302]LogWindowsTextInputMethodSystem: Display: IME system now deactivated.
[2020.05.19-22.08.55:368][463]LogEditorTransaction: Undo Delete current selection
[2020.05.19-22.10.26:455][  7]LogWindowsTextInputMethodSystem: Display: IME system now deactivated.
[2020.05.19-22.10.26:455][  7]LogWindowsTextInputMethodSystem: Display: IME system now deactivated.
[2020.05.19-22.11.10:989][712]LogWindowsTextInputMethodSystem: Display: IME system now deactivated.
[2020.05.19-22.11.10:989][712]LogWindowsTextInputMethodSystem: Display: IME system now deactivated.
[2020.05.19-22.12.47:697][515]LogWindowsTextInputMethodSystem: Display: IME system now deactivated.
[2020.05.19-22.12.47:697][515]LogWindowsTextInputMethodSystem: Display: IME system now deactivated.
[2020.05.19-22.12.50:721][611]LogWindowsTextInputMethodSystem: Display: IME system now deactivated.
[2020.05.19-22.12.50:721][611]LogWindowsTextInputMethodSystem: Display: IME system now deactivated.
[2020.05.19-22.17.29:036][511]LogWindowsTextInputMethodSystem: Display: IME system now deactivated.
[2020.05.19-22.17.29:036][511]LogWindowsTextInputMethodSystem: Display: IME system now deactivated.
[2020.05.19-22.18.20:854][440]LogUObjectHash: Compacting FUObjectHashTables data took   6.07ms
[2020.05.19-22.18.20:854][440]LogFileHelpers: Editor autosave (incl. sublevels) for '/Game/ThirdPersonBP/Maps/ThirdPersonExampleMap' took 0.056
[2020.05.19-22.18.20:858][440]OBJ SavePackage: Generating thumbnails for [0] asset(s) in package [/Game/ThirdPersonBP/Maps/Map_Three_Test/BehaviorTree1/BTTask_BlueprintBase_New] ([1] browsable assets)...
[2020.05.19-22.18.20:858][440]OBJ SavePackage: Finished generating thumbnails for package [/Game/ThirdPersonBP/Maps/Map_Three_Test/BehaviorTree1/BTTask_BlueprintBase_New]
[2020.05.19-22.18.20:900][440]LogSavePackage: Moving '../../../../MyProject/MyProject/Saved/BTTask_BlueprintBase_New_Auto84AF025784ACF0EE75F46C59A4D423011.tmp' to '../../../../MyProject/MyProject/Saved/Autosaves/Game/ThirdPersonBP/Maps/Map_Three_Test/BehaviorTree1/BTTask_BlueprintBase_New_Auto8.uasset'
[2020.05.19-22.18.20:902][440]LogFileHelpers: Auto-saving content packages took 0.045
[2020.05.19-22.35.53:299][877]LogUObjectHash: Compacting FUObjectHashTables data took   3.89ms
[2020.05.19-22.35.53:299][877]LogFileHelpers: Editor autosave (incl. sublevels) for '/Game/ThirdPersonBP/Maps/ThirdPersonExampleMap' took 0.093
[2020.05.19-22.35.53:303][877]OBJ SavePackage: Generating thumbnails for [0] asset(s) in package [/Game/ThirdPersonBP/Maps/Map_Three_Test/BehaviorTree1/BT_Bot_BehaviorTree] ([1] browsable assets)...
[2020.05.19-22.35.53:303][877]OBJ SavePackage: Finished generating thumbnails for package [/Game/ThirdPersonBP/Maps/Map_Three_Test/BehaviorTree1/BT_Bot_BehaviorTree]
[2020.05.19-22.35.53:353][877]LogSavePackage: Moving '../../../../MyProject/MyProject/Saved/BT_Bot_BehaviorTree_Auto94E6343A14C38D34C00301292E70A4A99.tmp' to '../../../../MyProject/MyProject/Saved/Autosaves/Game/ThirdPersonBP/Maps/Map_Three_Test/BehaviorTree1/BT_Bot_BehaviorTree_Auto9.uasset'
[2020.05.19-22.35.53:354][877]OBJ SavePackage: Generating thumbnails for [0] asset(s) in package [/Game/ThirdPersonBP/Maps/Map_Three_Test/BehaviorTree1/BTTask_BlueprintBase_New] ([1] browsable assets)...
[2020.05.19-22.35.53:354][877]OBJ SavePackage: Finished generating thumbnails for package [/Game/ThirdPersonBP/Maps/Map_Three_Test/BehaviorTree1/BTTask_BlueprintBase_New]
[2020.05.19-22.35.53:399][877]LogSavePackage: Moving '../../../../MyProject/MyProject/Saved/BTTask_BlueprintBase_New_Auto95090DF104DFC6E8E5F5B62B317B726A6.tmp' to '../../../../MyProject/MyProject/Saved/Autosaves/Game/ThirdPersonBP/Maps/Map_Three_Test/BehaviorTree1/BTTask_BlueprintBase_New_Auto9.uasset'
[2020.05.19-22.35.53:400][877]LogFileHelpers: Auto-saving content packages took 0.099
[2020.05.19-22.39.34:111][ 11]LogSavePackage: Moving '../../../../MyProject/MyProject/Saved/BTTask_BlueprintBase_New76E71C344D10CDDE9E8DF097141B6A63.tmp' to '../../../../MyProject/MyProject/Content/ThirdPersonBP/Maps/Map_Three_Test/BehaviorTree1/BTTask_BlueprintBase_New.uasset'
[2020.05.19-22.39.34:155][ 11]LogPackageName: SearchForPackageOnDisk took   0.000s to resolve /Game/ThirdPersonBP/Maps/Map_Three_Test/BehaviorTree1/BTTask_BlueprintBase_New.
[2020.05.19-22.39.35:812][ 56]LogSlate: Window 'BTTask_BlueprintBase_New' being destroyed
[2020.05.19-22.39.35:853][ 56]LogSlate: Window 'BTTask_BlueprintBase_New' being destroyed
[2020.05.19-22.39.36:394][ 56]LogWorld: UWorld::CleanupWorld for World_1, bSessionEnded=true, bCleanupResources=true
[2020.05.19-22.39.38:490][ 56]LogWorld: UWorld::CleanupWorld for World_3, bSessionEnded=true, bCleanupResources=true
[2020.05.19-22.42.37:569][850]LogUObjectHash: Compacting FUObjectHashTables data took   4.19ms
[2020.05.19-22.42.41:113][850]LogSlate: Window 'Save Content' being destroyed
[2020.05.19-22.42.41:186][850]LogSavePackage: Moving '../../../../MyProject/MyProject/Saved/BB_BlackboardData737770BD49B3F51BC372E6A48A4856C0.tmp' to '../../../../MyProject/MyProject/Content/ThirdPersonBP/Maps/Map_Three_Test/BehaviorTree1/BB_BlackboardData.uasset'
[2020.05.19-22.42.41:360][850]LogSavePackage: Moving '../../../../MyProject/MyProject/Saved/BT_Bot_BehaviorTreeC0C64AD541A8A93D13165296F20B0315.tmp' to '../../../../MyProject/MyProject/Content/ThirdPersonBP/Maps/Map_Three_Test/BehaviorTree1/BT_Bot_BehaviorTree.uasset'
[2020.05.19-22.42.41:437][850]LogSavePackage: Moving '../../../../MyProject/MyProject/Saved/Task_GetRandomPoint9F3CD4EE4F9F869520AAA3B33D2E92B2.tmp' to '../../../../MyProject/MyProject/Content/ThirdPersonBP/Maps/Map_Three_Test/BehaviorTree1/Task_GetRandomPoint.uasset'
[2020.05.19-22.42.41:884][850]LogSlate: Window 'Content Browser' being destroyed
[2020.05.19-22.42.42:454][850]LogSlate: Window 'MyProject - Unreal Editor' being destroyed
[2020.05.19-22.42.42:455][850]LogWindowsTextInputMethodSystem: Display: IME system now deactivated.
[2020.05.19-22.42.44:212][851]Cmd: QUIT_EDITOR
[2020.05.19-22.42.49:663][851]LogExit: Preparing to exit.
[2020.05.19-22.42.53:282][851]LogWorld: UWorld::CleanupWorld for World_0, bSessionEnded=true, bCleanupResources=true
[2020.05.19-22.42.53:285][851]LogWorld: UWorld::CleanupWorld for World_4, bSessionEnded=true, bCleanupResources=true
[2020.05.19-22.42.53:297][851]LogWorld: UWorld::CleanupWorld for World_2, bSessionEnded=true, bCleanupResources=true
[2020.05.19-22.42.57:790][851]LogDemo: Cleaned up 0 splitscreen connections with owner deletion
[2020.05.19-22.43.05:455][851]LogWorld: UWorld::CleanupWorld for None, bSessionEnded=true, bCleanupResources=true
[2020.05.19-22.43.05:767][851]LogExit: Editor shut down
[2020.05.19-22.43.06:554][851]LogExit: Transaction tracking system shut down
